<?xml version='1.0' encoding='UTF-8'?>
<!DOCTYPE coverage SYSTEM 'http://cobertura.sourceforge.net/xml/coverage-04.dtd'>
<coverage line-rate="0.6323447118074986" branch-rate="0.236404833836858" lines-covered="1130" lines-valid="1787" branches-covered="626" branches-valid="2648" complexity="0.0" timestamp="1641723620" version="gcovr 4.2"><sources><source>/home/nikolaj/github/Embedded/library</source></sources><packages><package name="Components.Actuator.ServoMotor.include" line-rate="1.0" branch-rate="0.0" complexity="0.0"><classes><class name="MG996R_hpp" filename="Components/Actuator/ServoMotor/include/MG996R.hpp" line-rate="1.0" branch-rate="0.0" complexity="0.0"><methods/><lines><line number="127" hits="56" branch="false"/><line number="129" hits="56" branch="false"/><line number="130" hits="80" branch="false"/><line number="132" hits="80" branch="false"/><line number="138" hits="24" branch="false"/><line number="140" hits="24" branch="false"/></lines></class></classes></package><package name="Components.Actuator.ServoMotor.src" line-rate="0.84" branch-rate="0.4" complexity="0.0"><classes><class name="MG996R_cpp" filename="Components/Actuator/ServoMotor/src/MG996R.cpp" line-rate="0.84" branch-rate="0.4" complexity="0.0"><methods/><lines><line number="39" hits="56" branch="false"/><line number="40" hits="56" branch="true" condition-coverage="50% (2/4)"><conditions><condition number="0" type="jump" coverage="50%"/></conditions></line><line number="42" hits="56" branch="false"/><line number="44" hits="112" branch="false"/><line number="46" hits="104" branch="false"/><line number="52" hits="104" branch="true" condition-coverage="100% (2/2)"><conditions><condition number="0" type="jump" coverage="100%"/></conditions></line><line number="54" hits="16" branch="false"/><line number="56" hits="88" branch="true" condition-coverage="100% (2/2)"><conditions><condition number="0" type="jump" coverage="100%"/></conditions></line><line number="58" hits="64" branch="false"/><line number="60" hits="24" branch="true" condition-coverage="50% (1/2)"><conditions><condition number="0" type="jump" coverage="50%"/></conditions></line><line number="62" hits="0" branch="false"/><line number="65" hits="24" branch="false"/><line number="70" hits="24" branch="false"/><line number="73" hits="16" branch="false"/><line number="79" hits="16" branch="false"/><line number="80" hits="16" branch="true" condition-coverage="50% (1/2)"><conditions><condition number="0" type="jump" coverage="50%"/></conditions></line><line number="82" hits="0" branch="true" condition-coverage="0% (0/6)"><conditions><condition number="0" type="jump" coverage="0%"/></conditions></line><line number="83" hits="0" branch="true" condition-coverage="0% (0/2)"><conditions><condition number="0" type="jump" coverage="0%"/></conditions></line><line number="84" hits="0" branch="false"/><line number="87" hits="16" branch="false"/><line number="93" hits="16" branch="false"/><line number="96" hits="8" branch="false"/><line number="98" hits="8" branch="false"/><line number="101" hits="8" branch="false"/><line number="103" hits="8" branch="false"/></lines></class></classes></package><package name="Components.Actuator.ServoMotor.test" line-rate="1.0" branch-rate="0.0" complexity="0.0"><classes><class name="test_main_cpp" filename="Components/Actuator/ServoMotor/test/test_main.cpp" line-rate="1.0" branch-rate="0.0" complexity="0.0"><methods/><lines><line number="6" hits="8" branch="false"/><line number="11" hits="8" branch="false"/><line number="25" hits="8" branch="false"/></lines></class></classes></package><package name="Components.Actuator.ServoMotor.test.test" line-rate="1.0" branch-rate="0.3448275862068966" complexity="0.0"><classes><class name="servo_test_cpp" filename="Components/Actuator/ServoMotor/test/test/servo_test.cpp" line-rate="1.0" branch-rate="0.3448275862068966" complexity="0.0"><methods/><lines><line number="28" hits="56" branch="false"/><line number="29" hits="56" branch="false"/><line number="32" hits="56" branch="true" condition-coverage="50% (1/2)"><conditions><condition number="0" type="jump" coverage="50%"/></conditions></line><line number="33" hits="56" branch="false"/><line number="37" hits="48" branch="true" condition-coverage="50% (1/2)"><conditions><condition number="0" type="jump" coverage="50%"/></conditions></line><line number="39" hits="16" branch="true" condition-coverage="50% (1/2)"><conditions><condition number="0" type="jump" coverage="50%"/></conditions></line><line number="40" hits="16" branch="false"/><line number="42" hits="48" branch="true" condition-coverage="50% (1/2)"><conditions><condition number="0" type="jump" coverage="50%"/></conditions></line><line number="44" hits="16" branch="true" condition-coverage="50% (1/2)"><conditions><condition number="0" type="jump" coverage="50%"/></conditions></line><line number="45" hits="16" branch="true" condition-coverage="50% (1/2)"><conditions><condition number="0" type="jump" coverage="50%"/></conditions></line><line number="46" hits="16" branch="false"/><line number="49" hits="48" branch="true" condition-coverage="50% (1/2)"><conditions><condition number="0" type="jump" coverage="50%"/></conditions></line><line number="51" hits="16" branch="true" condition-coverage="50% (1/2)"><conditions><condition number="0" type="jump" coverage="50%"/></conditions></line><line number="52" hits="16" branch="true" condition-coverage="50% (1/2)"><conditions><condition number="0" type="jump" coverage="50%"/></conditions></line><line number="53" hits="16" branch="false"/><line number="55" hits="48" branch="true" condition-coverage="50% (1/2)"><conditions><condition number="0" type="jump" coverage="50%"/></conditions></line><line number="57" hits="16" branch="true" condition-coverage="50% (1/2)"><conditions><condition number="0" type="jump" coverage="50%"/></conditions></line><line number="58" hits="16" branch="true" condition-coverage="50% (1/2)"><conditions><condition number="0" type="jump" coverage="50%"/></conditions></line><line number="59" hits="16" branch="false"/><line number="62" hits="48" branch="true" condition-coverage="50% (1/2)"><conditions><condition number="0" type="jump" coverage="50%"/></conditions></line><line number="64" hits="16" branch="true" condition-coverage="12% (3/24)"><conditions><condition number="0" type="jump" coverage="12%"/></conditions></line><line number="65" hits="16" branch="false"/><line number="68" hits="48" branch="true" condition-coverage="50% (1/2)"><conditions><condition number="0" type="jump" coverage="50%"/></conditions></line><line number="70" hits="16" branch="false"/><line number="73" hits="16" branch="true" condition-coverage="50% (1/2)"><conditions><condition number="0" type="jump" coverage="50%"/></conditions></line><line number="74" hits="16" branch="false"/><line number="76" hits="48" branch="true" condition-coverage="50% (1/2)"><conditions><condition number="0" type="jump" coverage="50%"/></conditions></line><line number="78" hits="16" branch="false"/><line number="79" hits="16" branch="true" condition-coverage="50% (1/2)"><conditions><condition number="0" type="jump" coverage="50%"/></conditions></line><line number="80" hits="16" branch="false"/></lines></class></classes></package><package name="Components.AnalysisTools.ImageAnalysis_OpenCV.src" line-rate="0.0" branch-rate="0.0" complexity="0.0"><classes><class name="Background_Extractor_cpp" filename="Components/AnalysisTools/ImageAnalysis_OpenCV/src/Background_Extractor.cpp" line-rate="0.0" branch-rate="0.0" complexity="0.0"><methods/><lines><line number="36" hits="0" branch="false"/><line number="38" hits="0" branch="true" condition-coverage="0% (0/3)"><conditions><condition number="0" type="jump" coverage="0%"/></conditions></line><line number="40" hits="0" branch="false"/><line number="41" hits="0" branch="true" condition-coverage="0% (0/2)"><conditions><condition number="0" type="jump" coverage="0%"/></conditions></line><line number="42" hits="0" branch="true" condition-coverage="0% (0/2)"><conditions><condition number="0" type="jump" coverage="0%"/></conditions></line><line number="43" hits="0" branch="false"/><line number="44" hits="0" branch="false"/><line number="45" hits="0" branch="true" condition-coverage="0% (0/2)"><conditions><condition number="0" type="jump" coverage="0%"/></conditions></line><line number="46" hits="0" branch="true" condition-coverage="0% (0/2)"><conditions><condition number="0" type="jump" coverage="0%"/></conditions></line><line number="47" hits="0" branch="false"/><line number="52" hits="0" branch="false"/><line number="54" hits="0" branch="false"/><line number="57" hits="0" branch="false"/><line number="58" hits="0" branch="false"/><line number="60" hits="0" branch="true" condition-coverage="0% (0/4)"><conditions><condition number="0" type="jump" coverage="0%"/></conditions></line><line number="61" hits="0" branch="true" condition-coverage="0% (0/2)"><conditions><condition number="0" type="jump" coverage="0%"/></conditions></line><line number="62" hits="0" branch="false"/><line number="65" hits="0" branch="false"/><line number="68" hits="0" branch="false"/><line number="69" hits="0" branch="false"/><line number="71" hits="0" branch="true" condition-coverage="0% (0/4)"><conditions><condition number="0" type="jump" coverage="0%"/></conditions></line><line number="72" hits="0" branch="true" condition-coverage="0% (0/2)"><conditions><condition number="0" type="jump" coverage="0%"/></conditions></line><line number="73" hits="0" branch="false"/><line number="76" hits="0" branch="false"/><line number="78" hits="0" branch="true" condition-coverage="0% (0/2)"><conditions><condition number="0" type="jump" coverage="0%"/></conditions></line><line number="79" hits="0" branch="true" condition-coverage="0% (0/4)"><conditions><condition number="0" type="jump" coverage="0%"/></conditions></line><line number="80" hits="0" branch="false"/><line number="81" hits="0" branch="true" condition-coverage="0% (0/2)"><conditions><condition number="0" type="jump" coverage="0%"/></conditions></line><line number="82" hits="0" branch="true" condition-coverage="0% (0/4)"><conditions><condition number="0" type="jump" coverage="0%"/></conditions></line><line number="83" hits="0" branch="false"/><line number="84" hits="0" branch="true" condition-coverage="0% (0/2)"><conditions><condition number="0" type="jump" coverage="0%"/></conditions></line><line number="85" hits="0" branch="true" condition-coverage="0% (0/4)"><conditions><condition number="0" type="jump" coverage="0%"/></conditions></line><line number="86" hits="0" branch="true" condition-coverage="0% (0/2)"><conditions><condition number="0" type="jump" coverage="0%"/></conditions></line><line number="87" hits="0" branch="true" condition-coverage="0% (0/4)"><conditions><condition number="0" type="jump" coverage="0%"/></conditions></line><line number="88" hits="0" branch="false"/></lines></class><class name="ConnectedComponents_cpp" filename="Components/AnalysisTools/ImageAnalysis_OpenCV/src/ConnectedComponents.cpp" line-rate="0.0" branch-rate="0.0" complexity="0.0"><methods/><lines><line number="30" hits="0" branch="false"/><line number="38" hits="0" branch="false"/><line number="39" hits="0" branch="true" condition-coverage="0% (0/10)"><conditions><condition number="0" type="jump" coverage="0%"/></conditions></line><line number="40" hits="0" branch="true" condition-coverage="0% (0/2)"><conditions><condition number="0" type="jump" coverage="0%"/></conditions></line><line number="41" hits="0" branch="true" condition-coverage="0% (0/10)"><conditions><condition number="0" type="jump" coverage="0%"/></conditions></line><line number="42" hits="0" branch="true" condition-coverage="0% (0/2)"><conditions><condition number="0" type="jump" coverage="0%"/></conditions></line><line number="44" hits="0" branch="false"/><line number="45" hits="0" branch="false"/><line number="46" hits="0" branch="true" condition-coverage="0% (0/6)"><conditions><condition number="0" type="jump" coverage="0%"/></conditions></line><line number="47" hits="0" branch="false"/><line number="48" hits="0" branch="true" condition-coverage="0% (0/2)"><conditions><condition number="0" type="jump" coverage="0%"/></conditions></line><line number="50" hits="0" branch="true" condition-coverage="0% (0/2)"><conditions><condition number="0" type="jump" coverage="0%"/></conditions></line><line number="51" hits="0" branch="false"/><line number="52" hits="0" branch="false"/><line number="54" hits="0" branch="true" condition-coverage="0% (0/10)"><conditions><condition number="0" type="jump" coverage="0%"/></conditions></line><line number="56" hits="0" branch="true" condition-coverage="0% (0/2)"><conditions><condition number="0" type="jump" coverage="0%"/></conditions></line><line number="58" hits="0" branch="true" condition-coverage="0% (0/2)"><conditions><condition number="0" type="jump" coverage="0%"/></conditions></line><line number="62" hits="0" branch="true" condition-coverage="0% (0/6)"><conditions><condition number="0" type="jump" coverage="0%"/></conditions></line><line number="63" hits="0" branch="true" condition-coverage="0% (0/2)"><conditions><condition number="0" type="jump" coverage="0%"/></conditions></line><line number="65" hits="0" branch="true" condition-coverage="0% (0/10)"><conditions><condition number="0" type="jump" coverage="0%"/></conditions></line><line number="66" hits="0" branch="false"/><line number="73" hits="0" branch="true" condition-coverage="0% (0/2)"><conditions><condition number="0" type="jump" coverage="0%"/></conditions></line><line number="76" hits="0" branch="false"/><line number="84" hits="0" branch="true" condition-coverage="0% (0/4)"><conditions><condition number="0" type="jump" coverage="0%"/></conditions></line><line number="89" hits="0" branch="false"/><line number="92" hits="0" branch="false"/><line number="94" hits="0" branch="true" condition-coverage="0% (0/10)"><conditions><condition number="0" type="jump" coverage="0%"/></conditions></line><line number="95" hits="0" branch="true" condition-coverage="0% (0/2)"><conditions><condition number="0" type="jump" coverage="0%"/></conditions></line><line number="96" hits="0" branch="true" condition-coverage="0% (0/10)"><conditions><condition number="0" type="jump" coverage="0%"/></conditions></line><line number="97" hits="0" branch="true" condition-coverage="0% (0/2)"><conditions><condition number="0" type="jump" coverage="0%"/></conditions></line><line number="99" hits="0" branch="false"/><line number="100" hits="0" branch="true" condition-coverage="0% (0/6)"><conditions><condition number="0" type="jump" coverage="0%"/></conditions></line><line number="101" hits="0" branch="false"/><line number="103" hits="0" branch="true" condition-coverage="0% (0/4)"><conditions><condition number="0" type="jump" coverage="0%"/></conditions></line><line number="105" hits="0" branch="true" condition-coverage="0% (0/2)"><conditions><condition number="0" type="jump" coverage="0%"/></conditions></line><line number="107" hits="0" branch="false"/><line number="111" hits="0" branch="false"/><line number="115" hits="0" branch="false"/><line number="117" hits="0" branch="true" condition-coverage="0% (0/10)"><conditions><condition number="0" type="jump" coverage="0%"/></conditions></line><line number="118" hits="0" branch="true" condition-coverage="0% (0/2)"><conditions><condition number="0" type="jump" coverage="0%"/></conditions></line><line number="119" hits="0" branch="true" condition-coverage="0% (0/10)"><conditions><condition number="0" type="jump" coverage="0%"/></conditions></line><line number="120" hits="0" branch="true" condition-coverage="0% (0/2)"><conditions><condition number="0" type="jump" coverage="0%"/></conditions></line><line number="122" hits="0" branch="false"/><line number="123" hits="0" branch="true" condition-coverage="0% (0/6)"><conditions><condition number="0" type="jump" coverage="0%"/></conditions></line><line number="127" hits="0" branch="false"/><line number="128" hits="0" branch="false"/><line number="131" hits="0" branch="false"/><line number="132" hits="0" branch="false"/><line number="134" hits="0" branch="true" condition-coverage="0% (0/4)"><conditions><condition number="0" type="jump" coverage="0%"/></conditions></line><line number="136" hits="0" branch="true" condition-coverage="0% (0/2)"><conditions><condition number="0" type="jump" coverage="0%"/></conditions></line><line number="138" hits="0" branch="false"/><line number="139" hits="0" branch="false"/><line number="141" hits="0" branch="false"/><line number="144" hits="0" branch="true" condition-coverage="0% (0/2)"><conditions><condition number="0" type="jump" coverage="0%"/></conditions></line><line number="146" hits="0" branch="true" condition-coverage="0% (0/6)"><conditions><condition number="0" type="jump" coverage="0%"/></conditions></line><line number="148" hits="0" branch="false"/><line number="149" hits="0" branch="false"/><line number="150" hits="0" branch="false"/><line number="151" hits="0" branch="false"/><line number="154" hits="0" branch="false"/></lines></class><class name="Utility_Image_cpp" filename="Components/AnalysisTools/ImageAnalysis_OpenCV/src/Utility_Image.cpp" line-rate="0.0" branch-rate="0.0" complexity="0.0"><methods/><lines><line number="31" hits="0" branch="false"/><line number="37" hits="0" branch="true" condition-coverage="0% (0/2)"><conditions><condition number="0" type="jump" coverage="0%"/></conditions></line><line number="38" hits="0" branch="false"/><line number="41" hits="0" branch="false"/><line number="47" hits="0" branch="false"/><line number="49" hits="0" branch="false"/><line number="50" hits="0" branch="true" condition-coverage="0% (0/2)"><conditions><condition number="0" type="jump" coverage="0%"/></conditions></line><line number="53" hits="0" branch="false"/><line number="55" hits="0" branch="false"/><line number="56" hits="0" branch="true" condition-coverage="0% (0/6)"><conditions><condition number="0" type="jump" coverage="0%"/></conditions></line><line number="57" hits="0" branch="false"/><line number="60" hits="0" branch="false"/><line number="62" hits="0" branch="true" condition-coverage="0% (0/2)"><conditions><condition number="0" type="jump" coverage="0%"/></conditions></line><line number="63" hits="0" branch="true" condition-coverage="0% (0/2)"><conditions><condition number="0" type="jump" coverage="0%"/></conditions></line><line number="64" hits="0" branch="true" condition-coverage="0% (0/4)"><conditions><condition number="0" type="jump" coverage="0%"/></conditions></line><line number="66" hits="0" branch="true" condition-coverage="0% (0/4)"><conditions><condition number="0" type="jump" coverage="0%"/></conditions></line><line number="68" hits="0" branch="false"/><line number="71" hits="0" branch="false"/><line number="73" hits="0" branch="false"/><line number="76" hits="0" branch="false"/><line number="79" hits="0" branch="false"/><line number="80" hits="0" branch="false"/><line number="81" hits="0" branch="true" condition-coverage="0% (0/14)"><conditions><condition number="0" type="jump" coverage="0%"/></conditions></line><line number="82" hits="0" branch="true" condition-coverage="0% (0/6)"><conditions><condition number="0" type="jump" coverage="0%"/></conditions></line><line number="83" hits="0" branch="true" condition-coverage="0% (0/6)"><conditions><condition number="0" type="jump" coverage="0%"/></conditions></line><line number="101" hits="0" branch="false"/><line number="103" hits="0" branch="true" condition-coverage="0% (0/4)"><conditions><condition number="0" type="jump" coverage="0%"/></conditions></line><line number="104" hits="0" branch="false"/><line number="123" hits="0" branch="false"/><line number="129" hits="0" branch="true" condition-coverage="0% (0/6)"><conditions><condition number="0" type="jump" coverage="0%"/></conditions></line><line number="135" hits="0" branch="false"/><line number="156" hits="0" branch="false"/><line number="163" hits="0" branch="true" condition-coverage="0% (0/2)"><conditions><condition number="0" type="jump" coverage="0%"/></conditions></line><line number="164" hits="0" branch="true" condition-coverage="0% (0/4)"><conditions><condition number="0" type="jump" coverage="0%"/></conditions></line><line number="170" hits="0" branch="false"/><line number="190" hits="0" branch="false"/><line number="196" hits="0" branch="true" condition-coverage="0% (0/2)"><conditions><condition number="0" type="jump" coverage="0%"/></conditions></line><line number="202" hits="0" branch="false"/><line number="220" hits="0" branch="false"/><line number="226" hits="0" branch="false"/><line number="227" hits="0" branch="true" condition-coverage="0% (0/2)"><conditions><condition number="0" type="jump" coverage="0%"/></conditions></line><line number="228" hits="0" branch="true" condition-coverage="0% (0/10)"><conditions><condition number="0" type="jump" coverage="0%"/></conditions></line><line number="229" hits="0" branch="false"/><line number="235" hits="0" branch="false"/><line number="256" hits="0" branch="false"/><line number="264" hits="0" branch="true" condition-coverage="0% (0/8)"><conditions><condition number="0" type="jump" coverage="0%"/></conditions></line><line number="266" hits="0" branch="true" condition-coverage="0% (0/4)"><conditions><condition number="0" type="jump" coverage="0%"/></conditions></line><line number="267" hits="0" branch="true" condition-coverage="0% (0/4)"><conditions><condition number="0" type="jump" coverage="0%"/></conditions></line><line number="269" hits="0" branch="true" condition-coverage="0% (0/6)"><conditions><condition number="0" type="jump" coverage="0%"/></conditions></line><line number="271" hits="0" branch="true" condition-coverage="0% (0/4)"><conditions><condition number="0" type="jump" coverage="0%"/></conditions></line><line number="273" hits="0" branch="true" condition-coverage="0% (0/4)"><conditions><condition number="0" type="jump" coverage="0%"/></conditions></line><line number="279" hits="0" branch="false"/></lines></class></classes></package><package name="Components.AnalysisTools.ImageAnalysis_OpenCV.test" line-rate="1.0" branch-rate="0.0" complexity="0.0"><classes><class name="test_main_cpp" filename="Components/AnalysisTools/ImageAnalysis_OpenCV/test/test_main.cpp" line-rate="1.0" branch-rate="0.0" complexity="0.0"><methods/><lines><line number="6" hits="8" branch="false"/><line number="11" hits="8" branch="false"/><line number="25" hits="8" branch="false"/></lines></class></classes></package><package name="Components.AnalysisTools.ImageAnalysis_OpenCV.test.test" line-rate="0.0" branch-rate="0.0" complexity="0.0"><classes><class name="bkg_test_cpp" filename="Components/AnalysisTools/ImageAnalysis_OpenCV/test/test/bkg_test.cpp" line-rate="0.0" branch-rate="0.0" complexity="0.0"><methods/><lines><line number="18" hits="0" branch="false"/><line number="19" hits="0" branch="false"/><line number="26" hits="0" branch="true" condition-coverage="0% (0/2)"><conditions><condition number="0" type="jump" coverage="0%"/></conditions></line><line number="28" hits="0" branch="true" condition-coverage="0% (0/2)"><conditions><condition number="0" type="jump" coverage="0%"/></conditions></line></lines></class></classes></package><package name="Components.Connector.WiFi.src" line-rate="0.5833333333333334" branch-rate="0.2" complexity="0.0"><classes><class name="WiFi_API_cpp" filename="Components/Connector/WiFi/src/WiFi_API.cpp" line-rate="0.5833333333333334" branch-rate="0.2" complexity="0.0"><methods/><lines><line number="36" hits="0" branch="false"/><line number="38" hits="16" branch="false"/><line number="40" hits="16" branch="true" condition-coverage="50% (1/2)"><conditions><condition number="0" type="jump" coverage="50%"/></conditions></line><line number="41" hits="16" branch="true" condition-coverage="50% (1/2)"><conditions><condition number="0" type="jump" coverage="50%"/></conditions></line><line number="43" hits="0" branch="true" condition-coverage="0% (0/6)"><conditions><condition number="0" type="jump" coverage="0%"/></conditions></line><line number="44" hits="0" branch="false"/><line number="46" hits="16" branch="false"/><line number="48" hits="16" branch="false"/><line number="50" hits="16" branch="false"/><line number="76" hits="16" branch="false"/><line number="79" hits="0" branch="false"/><line number="93" hits="0" branch="false"/></lines></class></classes></package><package name="Components.Connector.WiFi.test" line-rate="1.0" branch-rate="0.0" complexity="0.0"><classes><class name="test_main_cpp" filename="Components/Connector/WiFi/test/test_main.cpp" line-rate="1.0" branch-rate="0.0" complexity="0.0"><methods/><lines><line number="6" hits="8" branch="false"/><line number="11" hits="8" branch="false"/><line number="25" hits="8" branch="false"/></lines></class></classes></package><package name="Components.Connector.WiFi.test.test" line-rate="1.0" branch-rate="0.5" complexity="0.0"><classes><class name="wifi_test_cpp" filename="Components/Connector/WiFi/test/test/wifi_test.cpp" line-rate="1.0" branch-rate="0.5" complexity="0.0"><methods/><lines><line number="13" hits="8" branch="false"/><line number="15" hits="16" branch="false"/><line number="18" hits="8" branch="false"/><line number="21" hits="48" branch="true" condition-coverage="50% (1/2)"><conditions><condition number="0" type="jump" coverage="50%"/></conditions></line><line number="24" hits="16" branch="true" condition-coverage="50% (1/2)"><conditions><condition number="0" type="jump" coverage="50%"/></conditions></line><line number="25" hits="16" branch="false"/></lines></class></classes></package><package name="Components.Interfaces.ADCBase.include" line-rate="1.0" branch-rate="0.75" complexity="0.0"><classes><class name="ADCBase_hpp" filename="Components/Interfaces/ADCBase/include/ADCBase.hpp" line-rate="1.0" branch-rate="0.75" complexity="0.0"><methods/><lines><line number="81" hits="40" branch="false"/><line number="82" hits="40" branch="false"/><line number="83" hits="80" branch="false"/><line number="97" hits="24" branch="false"/><line number="99" hits="24" branch="true" condition-coverage="75% (3/4)"><conditions><condition number="0" type="jump" coverage="75%"/></conditions></line><line number="101" hits="16" branch="false"/><line number="103" hits="24" branch="false"/><line number="109" hits="32" branch="false"/><line number="111" hits="32" branch="false"/></lines></class></classes></package><package name="Components.Interfaces.ActuatorBase.include" line-rate="0.7" branch-rate="0.6666666666666666" complexity="0.0"><classes><class name="Actuator_Base_hpp" filename="Components/Interfaces/ActuatorBase/include/Actuator_Base.hpp" line-rate="0.7" branch-rate="0.6666666666666666" complexity="0.0"><methods/><lines><line number="80" hits="56" branch="true" condition-coverage="50% (2/4)"><conditions><condition number="0" type="jump" coverage="50%"/></conditions></line><line number="81" hits="112" branch="false"/><line number="86" hits="24" branch="false"/><line number="88" hits="24" branch="false"/><line number="89" hits="24" branch="true" condition-coverage="100% (2/2)"><conditions><condition number="0" type="jump" coverage="100%"/></conditions></line><line number="94" hits="24" branch="false"/><line number="96" hits="24" branch="false"/><line number="113" hits="0" branch="false"/><line number="115" hits="0" branch="false"/><line number="116" hits="0" branch="false"/></lines></class></classes></package><package name="Components.Interfaces.Camera.include" line-rate="1.0" branch-rate="0.0" complexity="0.0"><classes><class name="Camera_hpp" filename="Components/Interfaces/Camera/include/Camera.hpp" line-rate="1.0" branch-rate="0.0" complexity="0.0"><methods/><lines><line number="87" hits="8" branch="false"/><line number="88" hits="16" branch="false"/></lines></class></classes></package><package name="Components.Interfaces.PWMBase.include" line-rate="1.0" branch-rate="0.5" complexity="0.0"><classes><class name="PWMBase_hpp" filename="Components/Interfaces/PWMBase/include/PWMBase.hpp" line-rate="1.0" branch-rate="0.5" complexity="0.0"><methods/><lines><line number="83" hits="96" branch="true" condition-coverage="50% (1/2)"><conditions><condition number="0" type="jump" coverage="50%"/></conditions></line><line number="84" hits="192" branch="false"/></lines></class></classes></package><package name="Components.Interfaces.ProtocolBase.include" line-rate="0.0" branch-rate="0.0" complexity="0.0"><classes><class name="ProtocolBase_hpp" filename="Components/Interfaces/ProtocolBase/include/ProtocolBase.hpp" line-rate="0.0" branch-rate="0.0" complexity="0.0"><methods/><lines><line number="78" hits="0" branch="false"/><line number="79" hits="0" branch="false"/></lines></class></classes></package><package name="Components.Interfaces.QueryBase.include" line-rate="0.85" branch-rate="0.2222222222222222" complexity="0.0"><classes><class name="QueryBase_hpp" filename="Components/Interfaces/QueryBase/include/QueryBase.hpp" line-rate="0.25" branch-rate="0.0" complexity="0.0"><methods/><lines><line number="60" hits="0" branch="false"/><line number="62" hits="0" branch="true" condition-coverage="0% (0/2)"><conditions><condition number="0" type="jump" coverage="0%"/></conditions></line><line number="64" hits="0" branch="false"/><line number="66" hits="16" branch="true" condition-coverage="0% (0/2)"><conditions><condition number="0" type="jump" coverage="0%"/></conditions></line></lines></class><class name="QueryMessageBase_hpp" filename="Components/Interfaces/QueryBase/include/QueryMessageBase.hpp" line-rate="1.0" branch-rate="0.4" complexity="0.0"><methods/><lines><line number="83" hits="88" branch="false"/><line number="84" hits="16" branch="false"/><line number="85" hits="16" branch="true" condition-coverage="50% (1/2)"><conditions><condition number="0" type="jump" coverage="50%"/></conditions></line><line number="87" hits="192" branch="false"/><line number="89" hits="32" branch="false"/><line number="91" hits="32" branch="true" condition-coverage="33% (1/3)"><conditions><condition number="0" type="jump" coverage="33%"/></conditions></line><line number="92" hits="32" branch="false"/><line number="94" hits="32" branch="false"/><line number="96" hits="32" branch="false"/><line number="97" hits="32" branch="false"/><line number="99" hits="120" branch="false"/><line number="101" hits="120" branch="false"/><line number="104" hits="40" branch="false"/><line number="106" hits="40" branch="false"/><line number="109" hits="40" branch="false"/><line number="111" hits="40" branch="false"/></lines></class></classes></package><package name="Components.Interfaces.WatchdogBase.include" line-rate="1.0" branch-rate="0.0" complexity="0.0"><classes><class name="Watchdog_Base_hpp" filename="Components/Interfaces/WatchdogBase/include/Watchdog_Base.hpp" line-rate="1.0" branch-rate="0.0" complexity="0.0"><methods/><lines><line number="84" hits="104" branch="false"/><line number="85" hits="208" branch="false"/></lines></class></classes></package><package name="Components.Objects.ADC.src" line-rate="1.0" branch-rate="0.6666666666666666" complexity="0.0"><classes><class name="ADC_API_ESP32_cpp" filename="Components/Objects/ADC/src/ADC_API_ESP32.cpp" line-rate="1.0" branch-rate="0.6666666666666666" complexity="0.0"><methods/><lines><line number="36" hits="40" branch="true" condition-coverage="50% (1/2)"><conditions><condition number="0" type="jump" coverage="50%"/></conditions></line><line number="47" hits="40" branch="false"/><line number="49" hits="80" branch="false"/><line number="54" hits="8" branch="false"/><line number="56" hits="8" branch="false"/><line number="57" hits="520" branch="true" condition-coverage="100% (2/2)"><conditions><condition number="0" type="jump" coverage="100%"/></conditions></line><line number="64" hits="8" branch="true" condition-coverage="50% (1/2)"><conditions><condition number="0" type="jump" coverage="50%"/></conditions></line><line number="68" hits="8" branch="false"/></lines></class></classes></package><package name="Components.Objects.ADC.test" line-rate="1.0" branch-rate="0.0" complexity="0.0"><classes><class name="test_main_cpp" filename="Components/Objects/ADC/test/test_main.cpp" line-rate="1.0" branch-rate="0.0" complexity="0.0"><methods/><lines><line number="6" hits="8" branch="false"/><line number="11" hits="8" branch="false"/><line number="25" hits="8" branch="false"/></lines></class></classes></package><package name="Components.Objects.ADC.test.test" line-rate="1.0" branch-rate="0.5" complexity="0.0"><classes><class name="ADC_test_cpp" filename="Components/Objects/ADC/test/test/ADC_test.cpp" line-rate="1.0" branch-rate="0.5" complexity="0.0"><methods/><lines><line number="18" hits="40" branch="false"/><line number="19" hits="40" branch="false"/><line number="22" hits="40" branch="false"/><line number="26" hits="48" branch="true" condition-coverage="50% (1/2)"><conditions><condition number="0" type="jump" coverage="50%"/></conditions></line><line number="28" hits="16" branch="true" condition-coverage="50% (2/4)"><conditions><condition number="0" type="jump" coverage="50%"/></conditions></line><line number="29" hits="16" branch="false"/><line number="32" hits="48" branch="true" condition-coverage="50% (1/2)"><conditions><condition number="0" type="jump" coverage="50%"/></conditions></line><line number="34" hits="16" branch="true" condition-coverage="50% (1/2)"><conditions><condition number="0" type="jump" coverage="50%"/></conditions></line><line number="35" hits="16" branch="false"/><line number="38" hits="48" branch="true" condition-coverage="50% (1/2)"><conditions><condition number="0" type="jump" coverage="50%"/></conditions></line><line number="40" hits="16" branch="false"/><line number="42" hits="16" branch="true" condition-coverage="50% (1/2)"><conditions><condition number="0" type="jump" coverage="50%"/></conditions></line><line number="43" hits="16" branch="false"/><line number="46" hits="48" branch="true" condition-coverage="50% (1/2)"><conditions><condition number="0" type="jump" coverage="50%"/></conditions></line><line number="48" hits="16" branch="false"/><line number="50" hits="16" branch="true" condition-coverage="50% (1/2)"><conditions><condition number="0" type="jump" coverage="50%"/></conditions></line><line number="51" hits="16" branch="false"/><line number="53" hits="48" branch="true" condition-coverage="50% (1/2)"><conditions><condition number="0" type="jump" coverage="50%"/></conditions></line><line number="55" hits="16" branch="false"/><line number="57" hits="16" branch="true" condition-coverage="50% (1/2)"><conditions><condition number="0" type="jump" coverage="50%"/></conditions></line><line number="58" hits="16" branch="false"/></lines></class></classes></package><package name="Components.Objects.ErrorHandler.include" line-rate="1.0" branch-rate="0.0" complexity="0.0"><classes><class name="General_Error_hpp" filename="Components/Objects/ErrorHandler/include/General_Error.hpp" line-rate="1.0" branch-rate="0.0" complexity="0.0"><methods/><lines><line number="106" hits="80" branch="false"/></lines></class></classes></package><package name="Components.Objects.ErrorHandler.src" line-rate="0.2" branch-rate="0.06097560975609756" complexity="0.0"><classes><class name="General_Error_cpp" filename="Components/Objects/ErrorHandler/src/General_Error.cpp" line-rate="0.2" branch-rate="0.06097560975609756" complexity="0.0"><methods/><lines><line number="28" hits="56" branch="false"/><line number="31" hits="56" branch="true" condition-coverage="5% (1/18)"><conditions><condition number="0" type="jump" coverage="5%"/></conditions></line><line number="33" hits="0" branch="false"/><line number="34" hits="0" branch="true" condition-coverage="0% (0/2)"><conditions><condition number="0" type="jump" coverage="0%"/></conditions></line><line number="35" hits="56" branch="false"/><line number="36" hits="56" branch="true" condition-coverage="50% (1/2)"><conditions><condition number="0" type="jump" coverage="50%"/></conditions></line><line number="37" hits="0" branch="false"/><line number="38" hits="0" branch="true" condition-coverage="0% (0/2)"><conditions><condition number="0" type="jump" coverage="0%"/></conditions></line><line number="39" hits="0" branch="false"/><line number="40" hits="0" branch="true" condition-coverage="0% (0/2)"><conditions><condition number="0" type="jump" coverage="0%"/></conditions></line><line number="41" hits="0" branch="false"/><line number="42" hits="0" branch="true" condition-coverage="0% (0/2)"><conditions><condition number="0" type="jump" coverage="0%"/></conditions></line><line number="43" hits="0" branch="false"/><line number="44" hits="0" branch="true" condition-coverage="0% (0/2)"><conditions><condition number="0" type="jump" coverage="0%"/></conditions></line><line number="45" hits="0" branch="false"/><line number="46" hits="0" branch="true" condition-coverage="0% (0/2)"><conditions><condition number="0" type="jump" coverage="0%"/></conditions></line><line number="47" hits="0" branch="false"/><line number="48" hits="0" branch="true" condition-coverage="0% (0/2)"><conditions><condition number="0" type="jump" coverage="0%"/></conditions></line><line number="49" hits="0" branch="false"/><line number="50" hits="0" branch="true" condition-coverage="0% (0/2)"><conditions><condition number="0" type="jump" coverage="0%"/></conditions></line><line number="51" hits="0" branch="false"/><line number="52" hits="0" branch="true" condition-coverage="0% (0/2)"><conditions><condition number="0" type="jump" coverage="0%"/></conditions></line><line number="53" hits="0" branch="false"/><line number="54" hits="0" branch="true" condition-coverage="0% (0/2)"><conditions><condition number="0" type="jump" coverage="0%"/></conditions></line><line number="55" hits="0" branch="false"/><line number="56" hits="0" branch="true" condition-coverage="0% (0/2)"><conditions><condition number="0" type="jump" coverage="0%"/></conditions></line><line number="57" hits="0" branch="false"/><line number="58" hits="0" branch="true" condition-coverage="0% (0/2)"><conditions><condition number="0" type="jump" coverage="0%"/></conditions></line><line number="59" hits="0" branch="false"/><line number="60" hits="0" branch="true" condition-coverage="0% (0/2)"><conditions><condition number="0" type="jump" coverage="0%"/></conditions></line><line number="61" hits="0" branch="false"/><line number="62" hits="0" branch="true" condition-coverage="0% (0/2)"><conditions><condition number="0" type="jump" coverage="0%"/></conditions></line><line number="63" hits="0" branch="false"/><line number="64" hits="0" branch="true" condition-coverage="0% (0/2)"><conditions><condition number="0" type="jump" coverage="0%"/></conditions></line><line number="65" hits="0" branch="false"/><line number="66" hits="0" branch="true" condition-coverage="0% (0/2)"><conditions><condition number="0" type="jump" coverage="0%"/></conditions></line><line number="67" hits="0" branch="false"/><line number="68" hits="0" branch="true" condition-coverage="0% (0/2)"><conditions><condition number="0" type="jump" coverage="0%"/></conditions></line><line number="72" hits="0" branch="false"/><line number="74" hits="0" branch="true" condition-coverage="0% (0/2)"><conditions><condition number="0" type="jump" coverage="0%"/></conditions></line><line number="76" hits="0" branch="false"/><line number="81" hits="0" branch="true" condition-coverage="0% (0/4)"><conditions><condition number="0" type="jump" coverage="0%"/></conditions></line><line number="82" hits="0" branch="false"/><line number="85" hits="0" branch="false"/><line number="87" hits="0" branch="true" condition-coverage="0% (0/2)"><conditions><condition number="0" type="jump" coverage="0%"/></conditions></line><line number="89" hits="0" branch="false"/><line number="94" hits="0" branch="true" condition-coverage="0% (0/4)"><conditions><condition number="0" type="jump" coverage="0%"/></conditions></line><line number="95" hits="0" branch="false"/><line number="98" hits="40" branch="false"/><line number="101" hits="40" branch="true" condition-coverage="50% (1/2)"><conditions><condition number="0" type="jump" coverage="50%"/></conditions></line><line number="104" hits="0" branch="false"/><line number="105" hits="0" branch="true" condition-coverage="0% (0/2)"><conditions><condition number="0" type="jump" coverage="0%"/></conditions></line><line number="106" hits="0" branch="true" condition-coverage="0% (0/8)"><conditions><condition number="0" type="jump" coverage="0%"/></conditions></line><line number="107" hits="0" branch="false"/><line number="109" hits="40" branch="false"/><line number="112" hits="56" branch="false"/><line number="114" hits="56" branch="true" condition-coverage="50% (2/4)"><conditions><condition number="0" type="jump" coverage="50%"/></conditions></line><line number="116" hits="32" branch="false"/><line number="117" hits="32" branch="false"/><line number="118" hits="24" branch="false"/><line number="119" hits="24" branch="false"/><line number="120" hits="0" branch="false"/><line number="121" hits="0" branch="false"/><line number="122" hits="0" branch="false"/><line number="123" hits="0" branch="false"/></lines></class></classes></package><package name="Components.Objects.ErrorHandler.test" line-rate="1.0" branch-rate="0.0" complexity="0.0"><classes><class name="test_main_cpp" filename="Components/Objects/ErrorHandler/test/test_main.cpp" line-rate="1.0" branch-rate="0.0" complexity="0.0"><methods/><lines><line number="6" hits="8" branch="false"/><line number="11" hits="8" branch="false"/><line number="25" hits="8" branch="false"/></lines></class></classes></package><package name="Components.Objects.ErrorHandler.test.test" line-rate="1.0" branch-rate="0.5" complexity="0.0"><classes><class name="ge_test_cpp" filename="Components/Objects/ErrorHandler/test/test/ge_test.cpp" line-rate="1.0" branch-rate="0.5" complexity="0.0"><methods/><lines><line number="13" hits="8" branch="false"/><line number="15" hits="16" branch="false"/><line number="18" hits="8" branch="false"/><line number="21" hits="48" branch="true" condition-coverage="50% (1/2)"><conditions><condition number="0" type="jump" coverage="50%"/></conditions></line><line number="23" hits="16" branch="true" condition-coverage="50% (1/2)"><conditions><condition number="0" type="jump" coverage="50%"/></conditions></line><line number="24" hits="16" branch="false"/></lines></class></classes></package><package name="Components.Objects.FaultHandler.include" line-rate="0.9523809523809523" branch-rate="0.75" complexity="0.0"><classes><class name="Fault_Handler_hpp" filename="Components/Objects/FaultHandler/include/Fault_Handler.hpp" line-rate="0.9523809523809523" branch-rate="0.75" complexity="0.0"><methods/><lines><line number="182" hits="120" branch="false"/><line number="184" hits="120" branch="false"/><line number="204" hits="48" branch="false"/><line number="206" hits="48" branch="false"/><line number="208" hits="840" branch="false"/><line number="210" hits="840" branch="false"/><line number="212" hits="8" branch="false"/><line number="214" hits="8" branch="false"/><line number="216" hits="8" branch="false"/><line number="218" hits="8" branch="false"/><line number="220" hits="24" branch="false"/><line number="222" hits="24" branch="false"/><line number="224" hits="40" branch="false"/><line number="226" hits="40" branch="true" condition-coverage="75% (3/4)"><conditions><condition number="0" type="jump" coverage="75%"/></conditions></line><line number="228" hits="8" branch="false"/><line number="231" hits="8" branch="false"/><line number="233" hits="24" branch="false"/><line number="236" hits="24" branch="false"/><line number="238" hits="8" branch="false"/><line number="241" hits="8" branch="false"/><line number="243" hits="0" branch="false"/></lines></class></classes></package><package name="Components.Objects.FaultHandler.src" line-rate="0.7384615384615385" branch-rate="0.390625" complexity="0.0"><classes><class name="Fault_Handler_cpp" filename="Components/Objects/FaultHandler/src/Fault_Handler.cpp" line-rate="0.7384615384615385" branch-rate="0.390625" complexity="0.0"><methods/><lines><line number="36" hits="256" branch="false"/><line number="37" hits="256" branch="false"/><line number="39" hits="256" branch="false"/><line number="41" hits="256" branch="false"/><line number="43" hits="864" branch="false"/><line number="50" hits="864" branch="true" condition-coverage="75% (3/4)"><conditions><condition number="0" type="jump" coverage="75%"/></conditions></line><line number="52" hits="24" branch="false"/><line number="55" hits="24" branch="false"/><line number="56" hits="24" branch="false"/><line number="57" hits="824" branch="false"/><line number="60" hits="824" branch="false"/><line number="61" hits="824" branch="false"/><line number="62" hits="16" branch="false"/><line number="65" hits="16" branch="false"/><line number="66" hits="16" branch="false"/><line number="73" hits="864" branch="false"/><line number="76" hits="32" branch="false"/><line number="84" hits="32" branch="true" condition-coverage="50% (1/2)"><conditions><condition number="0" type="jump" coverage="50%"/></conditions></line><line number="86" hits="0" branch="true" condition-coverage="0% (0/2)"><conditions><condition number="0" type="jump" coverage="0%"/></conditions></line><line number="95" hits="32" branch="true" condition-coverage="100% (2/2)"><conditions><condition number="0" type="jump" coverage="100%"/></conditions></line><line number="97" hits="8" branch="true" condition-coverage="50% (1/2)"><conditions><condition number="0" type="jump" coverage="50%"/></conditions></line><line number="104" hits="32" branch="true" condition-coverage="100% (2/2)"><conditions><condition number="0" type="jump" coverage="100%"/></conditions></line><line number="106" hits="8" branch="true" condition-coverage="50% (1/2)"><conditions><condition number="0" type="jump" coverage="50%"/></conditions></line><line number="113" hits="32" branch="true" condition-coverage="50% (1/2)"><conditions><condition number="0" type="jump" coverage="50%"/></conditions></line><line number="119" hits="32" branch="false"/><line number="122" hits="24" branch="false"/><line number="128" hits="24" branch="false"/><line number="129" hits="24" branch="false"/><line number="135" hits="24" branch="false"/><line number="138" hits="56" branch="false"/><line number="149" hits="112" branch="true" condition-coverage="50% (5/10)"><conditions><condition number="0" type="jump" coverage="50%"/></conditions></line><line number="150" hits="168" branch="true" condition-coverage="50% (1/2)"><conditions><condition number="0" type="jump" coverage="50%"/></conditions></line><line number="153" hits="16" branch="false"/><line number="160" hits="16" branch="true" condition-coverage="50% (2/4)"><conditions><condition number="0" type="jump" coverage="50%"/></conditions></line><line number="162" hits="8" branch="false"/><line number="165" hits="8" branch="false"/><line number="166" hits="8" branch="false"/><line number="167" hits="8" branch="false"/><line number="170" hits="8" branch="false"/><line number="171" hits="8" branch="false"/><line number="172" hits="0" branch="false"/><line number="175" hits="0" branch="false"/><line number="176" hits="0" branch="false"/><line number="183" hits="16" branch="false"/><line number="186" hits="56" branch="false"/><line number="188" hits="56" branch="true" condition-coverage="30% (3/10)"><conditions><condition number="0" type="jump" coverage="30%"/></conditions></line><line number="190" hits="0" branch="false"/><line number="191" hits="0" branch="true" condition-coverage="0% (0/2)"><conditions><condition number="0" type="jump" coverage="0%"/></conditions></line><line number="192" hits="0" branch="false"/><line number="193" hits="0" branch="true" condition-coverage="0% (0/2)"><conditions><condition number="0" type="jump" coverage="0%"/></conditions></line><line number="194" hits="16" branch="false"/><line number="195" hits="16" branch="true" condition-coverage="50% (1/2)"><conditions><condition number="0" type="jump" coverage="50%"/></conditions></line><line number="196" hits="0" branch="false"/><line number="197" hits="0" branch="true" condition-coverage="0% (0/2)"><conditions><condition number="0" type="jump" coverage="0%"/></conditions></line><line number="198" hits="24" branch="false"/><line number="199" hits="24" branch="true" condition-coverage="50% (1/2)"><conditions><condition number="0" type="jump" coverage="50%"/></conditions></line><line number="200" hits="0" branch="false"/><line number="201" hits="0" branch="true" condition-coverage="0% (0/2)"><conditions><condition number="0" type="jump" coverage="0%"/></conditions></line><line number="202" hits="0" branch="false"/><line number="203" hits="0" branch="true" condition-coverage="0% (0/2)"><conditions><condition number="0" type="jump" coverage="0%"/></conditions></line><line number="204" hits="16" branch="false"/><line number="205" hits="16" branch="true" condition-coverage="50% (1/2)"><conditions><condition number="0" type="jump" coverage="50%"/></conditions></line><line number="206" hits="0" branch="false"/><line number="207" hits="0" branch="true" condition-coverage="0% (0/2)"><conditions><condition number="0" type="jump" coverage="0%"/></conditions></line><line number="209" hits="0" branch="true" condition-coverage="0% (0/2)"><conditions><condition number="0" type="jump" coverage="0%"/></conditions></line></lines></class></classes></package><package name="Components.Objects.FaultHandler.test" line-rate="1.0" branch-rate="0.0" complexity="0.0"><classes><class name="test_main_cpp" filename="Components/Objects/FaultHandler/test/test_main.cpp" line-rate="1.0" branch-rate="0.0" complexity="0.0"><methods/><lines><line number="6" hits="8" branch="false"/><line number="11" hits="8" branch="false"/><line number="25" hits="8" branch="false"/></lines></class></classes></package><package name="Components.Objects.FaultHandler.test.test" line-rate="1.0" branch-rate="0.4583333333333333" complexity="0.0"><classes><class name="fault_test_cpp" filename="Components/Objects/FaultHandler/test/test/fault_test.cpp" line-rate="1.0" branch-rate="0.4583333333333333" complexity="0.0"><methods/><lines><line number="19" hits="48" branch="false"/><line number="20" hits="48" branch="false"/><line number="23" hits="48" branch="false"/><line number="27" hits="48" branch="true" condition-coverage="50% (1/2)"><conditions><condition number="0" type="jump" coverage="50%"/></conditions></line><line number="29" hits="16" branch="true" condition-coverage="50% (3/6)"><conditions><condition number="0" type="jump" coverage="50%"/></conditions></line><line number="30" hits="16" branch="true" condition-coverage="14% (2/14)"><conditions><condition number="0" type="jump" coverage="14%"/></conditions></line><line number="32" hits="16" branch="false"/><line number="33" hits="16" branch="true" condition-coverage="50% (1/2)"><conditions><condition number="0" type="jump" coverage="50%"/></conditions></line><line number="34" hits="16" branch="false"/><line number="37" hits="48" branch="true" condition-coverage="50% (1/2)"><conditions><condition number="0" type="jump" coverage="50%"/></conditions></line><line number="39" hits="16" branch="true" condition-coverage="50% (3/6)"><conditions><condition number="0" type="jump" coverage="50%"/></conditions></line><line number="40" hits="16" branch="true" condition-coverage="50% (1/2)"><conditions><condition number="0" type="jump" coverage="50%"/></conditions></line><line number="42" hits="16" branch="false"/><line number="43" hits="16" branch="true" condition-coverage="50% (1/2)"><conditions><condition number="0" type="jump" coverage="50%"/></conditions></line><line number="44" hits="16" branch="false"/><line number="46" hits="48" branch="true" condition-coverage="50% (1/2)"><conditions><condition number="0" type="jump" coverage="50%"/></conditions></line><line number="48" hits="16" branch="true" condition-coverage="50% (3/6)"><conditions><condition number="0" type="jump" coverage="50%"/></conditions></line><line number="49" hits="16" branch="true" condition-coverage="50% (3/6)"><conditions><condition number="0" type="jump" coverage="50%"/></conditions></line><line number="50" hits="16" branch="true" condition-coverage="50% (3/6)"><conditions><condition number="0" type="jump" coverage="50%"/></conditions></line><line number="51" hits="16" branch="true" condition-coverage="50% (1/2)"><conditions><condition number="0" type="jump" coverage="50%"/></conditions></line><line number="53" hits="16" branch="false"/><line number="54" hits="16" branch="true" condition-coverage="50% (1/2)"><conditions><condition number="0" type="jump" coverage="50%"/></conditions></line><line number="55" hits="16" branch="false"/><line number="56" hits="16" branch="true" condition-coverage="50% (1/2)"><conditions><condition number="0" type="jump" coverage="50%"/></conditions></line><line number="57" hits="16" branch="false"/><line number="58" hits="16" branch="true" condition-coverage="50% (1/2)"><conditions><condition number="0" type="jump" coverage="50%"/></conditions></line><line number="59" hits="16" branch="false"/><line number="62" hits="48" branch="true" condition-coverage="50% (1/2)"><conditions><condition number="0" type="jump" coverage="50%"/></conditions></line><line number="64" hits="16" branch="true" condition-coverage="50% (1/2)"><conditions><condition number="0" type="jump" coverage="50%"/></conditions></line><line number="65" hits="16" branch="true" condition-coverage="50% (1/2)"><conditions><condition number="0" type="jump" coverage="50%"/></conditions></line><line number="66" hits="16" branch="true" condition-coverage="50% (1/2)"><conditions><condition number="0" type="jump" coverage="50%"/></conditions></line><line number="67" hits="16" branch="false"/><line number="69" hits="48" branch="true" condition-coverage="50% (1/2)"><conditions><condition number="0" type="jump" coverage="50%"/></conditions></line><line number="71" hits="32" branch="true" condition-coverage="50% (2/4)"><conditions><condition number="0" type="jump" coverage="50%"/></conditions></line><line number="72" hits="1616" branch="true" condition-coverage="100% (2/2)"><conditions><condition number="0" type="jump" coverage="100%"/></conditions></line><line number="74" hits="1600" branch="true" condition-coverage="50% (1/2)"><conditions><condition number="0" type="jump" coverage="50%"/></conditions></line><line number="76" hits="16" branch="true" condition-coverage="50% (1/2)"><conditions><condition number="0" type="jump" coverage="50%"/></conditions></line><line number="77" hits="16" branch="false"/><line number="80" hits="48" branch="true" condition-coverage="50% (1/2)"><conditions><condition number="0" type="jump" coverage="50%"/></conditions></line><line number="82" hits="32" branch="true" condition-coverage="50% (2/4)"><conditions><condition number="0" type="jump" coverage="50%"/></conditions></line><line number="83" hits="32" branch="true" condition-coverage="50% (1/2)"><conditions><condition number="0" type="jump" coverage="50%"/></conditions></line><line number="84" hits="16" branch="true" condition-coverage="50% (2/4)"><conditions><condition number="0" type="jump" coverage="50%"/></conditions></line><line number="85" hits="16" branch="false"/></lines></class></classes></package><package name="Components.Objects.Gpio.include" line-rate="1.0" branch-rate="0.0" complexity="0.0"><classes><class name="GPIO_API_hpp" filename="Components/Objects/Gpio/include/GPIO_API.hpp" line-rate="1.0" branch-rate="0.0" complexity="0.0"><methods/><lines><line number="81" hits="96" branch="false"/></lines></class><class name="HAL_hpp" filename="Components/Objects/Gpio/include/HAL.hpp" line-rate="1.0" branch-rate="0.0" complexity="0.0"><methods/><lines><line number="105" hits="104" branch="false"/></lines></class></classes></package><package name="Components.Objects.Gpio.src" line-rate="0.5869565217391305" branch-rate="0.35" complexity="0.0"><classes><class name="GPIO_API_cpp" filename="Components/Objects/Gpio/src/GPIO_API.cpp" line-rate="0.6060606060606061" branch-rate="0.35" complexity="0.0"><methods/><lines><line number="36" hits="96" branch="false"/><line number="48" hits="0" branch="false"/><line number="54" hits="0" branch="true" condition-coverage="0% (0/2)"><conditions><condition number="0" type="jump" coverage="0%"/></conditions></line><line number="55" hits="0" branch="true" condition-coverage="0% (0/2)"><conditions><condition number="0" type="jump" coverage="0%"/></conditions></line><line number="57" hits="0" branch="false"/><line number="58" hits="0" branch="false"/><line number="65" hits="0" branch="false"/><line number="79" hits="32" branch="false"/><line number="85" hits="32" branch="true" condition-coverage="50% (1/2)"><conditions><condition number="0" type="jump" coverage="50%"/></conditions></line><line number="86" hits="32" branch="true" condition-coverage="50% (1/2)"><conditions><condition number="0" type="jump" coverage="50%"/></conditions></line><line number="88" hits="32" branch="false"/><line number="89" hits="32" branch="false"/><line number="96" hits="0" branch="false"/><line number="108" hits="16" branch="false"/><line number="114" hits="16" branch="true" condition-coverage="100% (2/2)"><conditions><condition number="0" type="jump" coverage="100%"/></conditions></line><line number="116" hits="8" branch="false"/><line number="123" hits="8" branch="true" condition-coverage="50% (1/2)"><conditions><condition number="0" type="jump" coverage="50%"/></conditions></line><line number="136" hits="0" branch="false"/><line number="142" hits="0" branch="true" condition-coverage="0% (0/2)"><conditions><condition number="0" type="jump" coverage="0%"/></conditions></line><line number="144" hits="0" branch="false"/><line number="151" hits="0" branch="true" condition-coverage="0% (0/2)"><conditions><condition number="0" type="jump" coverage="0%"/></conditions></line><line number="163" hits="8" branch="false"/><line number="165" hits="8" branch="true" condition-coverage="50% (1/2)"><conditions><condition number="0" type="jump" coverage="50%"/></conditions></line><line number="167" hits="8" branch="false"/><line number="168" hits="8" branch="false"/><line number="171" hits="0" branch="false"/><line number="184" hits="16" branch="false"/><line number="186" hits="16" branch="true" condition-coverage="50% (1/2)"><conditions><condition number="0" type="jump" coverage="50%"/></conditions></line><line number="188" hits="16" branch="false"/><line number="189" hits="16" branch="false"/><line number="192" hits="0" branch="false"/><line number="195" hits="8" branch="false"/><line number="198" hits="8" branch="false"/></lines></class><class name="HAL_cpp" filename="Components/Objects/Gpio/src/HAL.cpp" line-rate="0.5384615384615384" branch-rate="0.0" complexity="0.0"><methods/><lines><line number="50" hits="32" branch="false"/><line number="63" hits="32" branch="false"/><line number="81" hits="8" branch="false"/><line number="93" hits="8" branch="false"/><line number="109" hits="0" branch="false"/><line number="114" hits="0" branch="false"/><line number="118" hits="0" branch="false"/><line number="132" hits="0" branch="false"/><line number="135" hits="0" branch="false"/><line number="149" hits="0" branch="false"/><line number="152" hits="16" branch="false"/><line number="183" hits="16" branch="false"/><line number="191" hits="16" branch="false"/></lines></class></classes></package><package name="Components.Objects.Gpio.test" line-rate="1.0" branch-rate="0.0" complexity="0.0"><classes><class name="test_main_cpp" filename="Components/Objects/Gpio/test/test_main.cpp" line-rate="1.0" branch-rate="0.0" complexity="0.0"><methods/><lines><line number="6" hits="8" branch="false"/><line number="11" hits="8" branch="false"/><line number="25" hits="8" branch="false"/></lines></class></classes></package><package name="Components.Objects.Gpio.test.test" line-rate="1.0" branch-rate="0.18253968253968253" complexity="0.0"><classes><class name="gpio_test_cpp" filename="Components/Objects/Gpio/test/test/gpio_test.cpp" line-rate="1.0" branch-rate="0.16666666666666666" complexity="0.0"><methods/><lines><line number="17" hits="48" branch="false"/><line number="18" hits="48" branch="false"/><line number="21" hits="48" branch="false"/><line number="25" hits="48" branch="true" condition-coverage="50% (1/2)"><conditions><condition number="0" type="jump" coverage="50%"/></conditions></line><line number="27" hits="16" branch="true" condition-coverage="11% (2/18)"><conditions><condition number="0" type="jump" coverage="11%"/></conditions></line><line number="28" hits="16" branch="false"/><line number="30" hits="48" branch="true" condition-coverage="50% (1/2)"><conditions><condition number="0" type="jump" coverage="50%"/></conditions></line><line number="32" hits="16" branch="false"/><line number="33" hits="16" branch="true" condition-coverage="11% (2/18)"><conditions><condition number="0" type="jump" coverage="11%"/></conditions></line><line number="34" hits="16" branch="false"/><line number="36" hits="48" branch="true" condition-coverage="50% (1/2)"><conditions><condition number="0" type="jump" coverage="50%"/></conditions></line><line number="38" hits="16" branch="false"/><line number="39" hits="16" branch="true" condition-coverage="11% (2/18)"><conditions><condition number="0" type="jump" coverage="11%"/></conditions></line><line number="40" hits="16" branch="false"/><line number="41" hits="24" branch="true" condition-coverage="50% (1/2)"><conditions><condition number="0" type="jump" coverage="50%"/></conditions></line><line number="43" hits="16" branch="false"/><line number="44" hits="16" branch="true" condition-coverage="11% (2/18)"><conditions><condition number="0" type="jump" coverage="11%"/></conditions></line><line number="45" hits="16" branch="false"/><line number="47" hits="48" branch="true" condition-coverage="50% (1/2)"><conditions><condition number="0" type="jump" coverage="50%"/></conditions></line><line number="49" hits="16" branch="false"/><line number="50" hits="16" branch="true" condition-coverage="11% (2/18)"><conditions><condition number="0" type="jump" coverage="11%"/></conditions></line><line number="51" hits="16" branch="false"/><line number="54" hits="8" branch="false"/><line number="56" hits="8" branch="false"/><line number="57" hits="8" branch="false"/><line number="59" hits="48" branch="true" condition-coverage="50% (1/2)"><conditions><condition number="0" type="jump" coverage="50%"/></conditions></line><line number="61" hits="16" branch="true" condition-coverage="50% (1/2)"><conditions><condition number="0" type="jump" coverage="50%"/></conditions></line><line number="62" hits="16" branch="true" condition-coverage="14% (2/14)"><conditions><condition number="0" type="jump" coverage="14%"/></conditions></line><line number="63" hits="16" branch="true" condition-coverage="50% (1/2)"><conditions><condition number="0" type="jump" coverage="50%"/></conditions></line><line number="64" hits="16" branch="false"/></lines></class><class name="hal_test_cpp" filename="Components/Objects/Gpio/test/test/hal_test.cpp" line-rate="1.0" branch-rate="0.5" complexity="0.0"><methods/><lines><line number="15" hits="8" branch="false"/><line number="17" hits="8" branch="false"/><line number="18" hits="8" branch="false"/><line number="23" hits="8" branch="false"/><line number="24" hits="8" branch="false"/><line number="27" hits="8" branch="false"/><line number="31" hits="48" branch="true" condition-coverage="50% (1/2)"><conditions><condition number="0" type="jump" coverage="50%"/></conditions></line><line number="33" hits="16" branch="true" condition-coverage="50% (1/2)"><conditions><condition number="0" type="jump" coverage="50%"/></conditions></line><line number="34" hits="16" branch="true" condition-coverage="50% (1/2)"><conditions><condition number="0" type="jump" coverage="50%"/></conditions></line><line number="35" hits="16" branch="false"/></lines></class></classes></package><package name="Components.Objects.Json.test" line-rate="1.0" branch-rate="0.0" complexity="0.0"><classes><class name="test_main_cpp" filename="Components/Objects/Json/test/test_main.cpp" line-rate="1.0" branch-rate="0.0" complexity="0.0"><methods/><lines><line number="6" hits="6" branch="false"/><line number="11" hits="6" branch="false"/><line number="25" hits="6" branch="false"/></lines></class></classes></package><package name="Components.Objects.Json.test.test" line-rate="1.0" branch-rate="0.5" complexity="0.0"><classes><class name="json_test_cpp" filename="Components/Objects/Json/test/test/json_test.cpp" line-rate="1.0" branch-rate="0.5" complexity="0.0"><methods/><lines><line number="17" hits="2" branch="false"/><line number="19" hits="2" branch="false"/><line number="20" hits="2" branch="false"/><line number="22" hits="2" branch="false"/><line number="27" hits="12" branch="true" condition-coverage="50% (1/2)"><conditions><condition number="0" type="jump" coverage="50%"/></conditions></line><line number="29" hits="4" branch="false"/><line number="30" hits="12" branch="true" condition-coverage="50% (1/2)"><conditions><condition number="0" type="jump" coverage="50%"/></conditions></line><line number="31" hits="4" branch="true" condition-coverage="50% (2/4)"><conditions><condition number="0" type="jump" coverage="50%"/></conditions></line><line number="32" hits="4" branch="true" condition-coverage="50% (2/4)"><conditions><condition number="0" type="jump" coverage="50%"/></conditions></line><line number="33" hits="4" branch="false"/></lines></class></classes></package><package name="Components.Objects.Logger.src" line-rate="1.0" branch-rate="0.525" complexity="0.0"><classes><class name="Logger_cpp" filename="Components/Objects/Logger/src/Logger.cpp" line-rate="1.0" branch-rate="0.53125" complexity="0.0"><methods/><lines><line number="36" hits="64" branch="false"/><line number="42" hits="64" branch="true" condition-coverage="100% (2/2)"><conditions><condition number="0" type="jump" coverage="100%"/></conditions></line><line number="44" hits="8" branch="false"/><line number="48" hits="56" branch="false"/><line number="49" hits="56" branch="true" condition-coverage="50% (1/2)"><conditions><condition number="0" type="jump" coverage="50%"/></conditions></line><line number="50" hits="56" branch="true" condition-coverage="50% (2/4)"><conditions><condition number="0" type="jump" coverage="50%"/></conditions></line><line number="51" hits="56" branch="true" condition-coverage="50% (1/2)"><conditions><condition number="0" type="jump" coverage="50%"/></conditions></line><line number="52" hits="56" branch="true" condition-coverage="50% (1/2)"><conditions><condition number="0" type="jump" coverage="50%"/></conditions></line><line number="53" hits="56" branch="true" condition-coverage="50% (1/2)"><conditions><condition number="0" type="jump" coverage="50%"/></conditions></line><line number="54" hits="56" branch="true" condition-coverage="50% (2/4)"><conditions><condition number="0" type="jump" coverage="50%"/></conditions></line><line number="55" hits="56" branch="true" condition-coverage="50% (1/2)"><conditions><condition number="0" type="jump" coverage="50%"/></conditions></line><line number="56" hits="56" branch="true" condition-coverage="50% (2/4)"><conditions><condition number="0" type="jump" coverage="50%"/></conditions></line><line number="57" hits="56" branch="true" condition-coverage="50% (1/2)"><conditions><condition number="0" type="jump" coverage="50%"/></conditions></line><line number="58" hits="56" branch="true" condition-coverage="50% (1/2)"><conditions><condition number="0" type="jump" coverage="50%"/></conditions></line><line number="59" hits="56" branch="true" condition-coverage="50% (1/2)"><conditions><condition number="0" type="jump" coverage="50%"/></conditions></line><line number="61" hits="56" branch="true" condition-coverage="50% (1/2)"><conditions><condition number="0" type="jump" coverage="50%"/></conditions></line><line number="67" hits="56" branch="false"/></lines></class><class name="hal_mqtt_log_cpp" filename="Components/Objects/Logger/src/hal_mqtt_log.cpp" line-rate="1.0" branch-rate="0.5" complexity="0.0"><methods/><lines><line number="36" hits="56" branch="false"/><line number="38" hits="224" branch="true" condition-coverage="50% (2/4)"><conditions><condition number="0" type="jump" coverage="50%"/></conditions></line><line number="39" hits="56" branch="true" condition-coverage="50% (2/4)"><conditions><condition number="0" type="jump" coverage="50%"/></conditions></line><line number="40" hits="56" branch="false"/></lines></class></classes></package><package name="Components.Objects.Logger.test" line-rate="1.0" branch-rate="0.0" complexity="0.0"><classes><class name="test_main_cpp" filename="Components/Objects/Logger/test/test_main.cpp" line-rate="1.0" branch-rate="0.0" complexity="0.0"><methods/><lines><line number="6" hits="8" branch="false"/><line number="11" hits="8" branch="false"/><line number="25" hits="8" branch="false"/></lines></class></classes></package><package name="Components.Objects.Logger.test.test" line-rate="1.0" branch-rate="0.15" complexity="0.0"><classes><class name="log_test_cpp" filename="Components/Objects/Logger/test/test/log_test.cpp" line-rate="1.0" branch-rate="0.15" complexity="0.0"><methods/><lines><line number="13" hits="16" branch="false"/><line number="15" hits="32" branch="false"/><line number="18" hits="16" branch="false"/><line number="21" hits="48" branch="true" condition-coverage="50% (1/2)"><conditions><condition number="0" type="jump" coverage="50%"/></conditions></line><line number="23" hits="16" branch="true" condition-coverage="12% (3/24)"><conditions><condition number="0" type="jump" coverage="12%"/></conditions></line><line number="24" hits="16" branch="false"/><line number="27" hits="48" branch="true" condition-coverage="50% (1/2)"><conditions><condition number="0" type="jump" coverage="50%"/></conditions></line><line number="29" hits="16" branch="true" condition-coverage="12% (4/32)"><conditions><condition number="0" type="jump" coverage="12%"/></conditions></line><line number="30" hits="16" branch="false"/></lines></class></classes></package><package name="Components.Objects.Maintainer.include" line-rate="0.6666666666666666" branch-rate="0.0" complexity="0.0"><classes><class name="Maintainer_hpp" filename="Components/Objects/Maintainer/include/Maintainer.hpp" line-rate="0.6666666666666666" branch-rate="0.0" complexity="0.0"><methods/><lines><line number="109" hits="0" branch="false"/><line number="111" hits="0" branch="false"/><line number="136" hits="16" branch="false"/><line number="137" hits="16" branch="false"/><line number="138" hits="16" branch="false"/><line number="140" hits="16" branch="false"/></lines></class></classes></package><package name="Components.Objects.Maintainer.src" line-rate="0.5714285714285714" branch-rate="0.4" complexity="0.0"><classes><class name="Maintainer_cpp" filename="Components/Objects/Maintainer/src/Maintainer.cpp" line-rate="0.5714285714285714" branch-rate="0.4" complexity="0.0"><methods/><lines><line number="40" hits="16" branch="false"/><line number="41" hits="32" branch="true" condition-coverage="50% (5/10)"><conditions><condition number="0" type="jump" coverage="50%"/></conditions></line><line number="43" hits="16" branch="true" condition-coverage="50% (1/2)"><conditions><condition number="0" type="jump" coverage="50%"/></conditions></line><line number="44" hits="16" branch="true" condition-coverage="50% (2/4)"><conditions><condition number="0" type="jump" coverage="50%"/></conditions></line><line number="54" hits="16" branch="true" condition-coverage="50% (1/2)"><conditions><condition number="0" type="jump" coverage="50%"/></conditions></line><line number="55" hits="16" branch="true" condition-coverage="50% (1/2)"><conditions><condition number="0" type="jump" coverage="50%"/></conditions></line><line number="56" hits="16" branch="true" condition-coverage="50% (1/2)"><conditions><condition number="0" type="jump" coverage="50%"/></conditions></line><line number="58" hits="0" branch="true" condition-coverage="0% (0/2)"><conditions><condition number="0" type="jump" coverage="0%"/></conditions></line><line number="59" hits="0" branch="true" condition-coverage="0% (0/2)"><conditions><condition number="0" type="jump" coverage="0%"/></conditions></line><line number="60" hits="0" branch="false"/><line number="62" hits="16" branch="true" condition-coverage="50% (1/2)"><conditions><condition number="0" type="jump" coverage="50%"/></conditions></line><line number="63" hits="16" branch="false"/><line number="69" hits="16" branch="false"/><line number="71" hits="32" branch="false"/><line number="87" hits="24" branch="false"/><line number="94" hits="24" branch="false"/><line number="100" hits="24" branch="false"/><line number="103" hits="0" branch="false"/><line number="107" hits="0" branch="false"/><line number="108" hits="0" branch="false"/><line number="109" hits="0" branch="false"/><line number="123" hits="0" branch="false"/><line number="130" hits="0" branch="true" condition-coverage="0% (0/2)"><conditions><condition number="0" type="jump" coverage="0%"/></conditions></line><line number="132" hits="0" branch="true" condition-coverage="0% (0/6)"><conditions><condition number="0" type="jump" coverage="0%"/></conditions></line><line number="140" hits="0" branch="false"/><line number="153" hits="16" branch="false"/><line number="160" hits="40" branch="true" condition-coverage="100% (2/2)"><conditions><condition number="0" type="jump" coverage="100%"/></conditions></line><line number="162" hits="32" branch="true" condition-coverage="75% (3/4)"><conditions><condition number="0" type="jump" coverage="75%"/></conditions></line><line number="164" hits="8" branch="true" condition-coverage="50% (3/6)"><conditions><condition number="0" type="jump" coverage="50%"/></conditions></line><line number="167" hits="8" branch="false"/><line number="175" hits="8" branch="false"/><line number="178" hits="0" branch="false"/><line number="184" hits="0" branch="true" condition-coverage="0% (0/2)"><conditions><condition number="0" type="jump" coverage="0%"/></conditions></line><line number="186" hits="0" branch="false"/><line number="193" hits="0" branch="false"/></lines></class></classes></package><package name="Components.Objects.Maintainer.test" line-rate="1.0" branch-rate="0.0" complexity="0.0"><classes><class name="test_main_cpp" filename="Components/Objects/Maintainer/test/test_main.cpp" line-rate="1.0" branch-rate="0.0" complexity="0.0"><methods/><lines><line number="6" hits="8" branch="false"/><line number="11" hits="8" branch="false"/><line number="25" hits="8" branch="false"/></lines></class></classes></package><package name="Components.Objects.Maintainer.test.test" line-rate="1.0" branch-rate="0.15" complexity="0.0"><classes><class name="maintainer_test_cpp" filename="Components/Objects/Maintainer/test/test/maintainer_test.cpp" line-rate="1.0" branch-rate="0.15" complexity="0.0"><methods/><lines><line number="19" hits="16" branch="false"/><line number="20" hits="16" branch="false"/><line number="23" hits="16" branch="false"/><line number="25" hits="24" branch="false"/><line number="27" hits="24" branch="false"/><line number="29" hits="8" branch="false"/><line number="31" hits="8" branch="false"/><line number="34" hits="48" branch="true" condition-coverage="50% (1/2)"><conditions><condition number="0" type="jump" coverage="50%"/></conditions></line><line number="36" hits="16" branch="false"/><line number="37" hits="16" branch="false"/><line number="38" hits="16" branch="true" condition-coverage="11% (2/18)"><conditions><condition number="0" type="jump" coverage="11%"/></conditions></line><line number="39" hits="16" branch="false"/><line number="41" hits="16" branch="false"/><line number="43" hits="16" branch="false"/><line number="44" hits="16" branch="false"/><line number="47" hits="48" branch="true" condition-coverage="50% (1/2)"><conditions><condition number="0" type="jump" coverage="50%"/></conditions></line><line number="49" hits="16" branch="false"/><line number="50" hits="16" branch="true" condition-coverage="11% (2/18)"><conditions><condition number="0" type="jump" coverage="11%"/></conditions></line><line number="51" hits="16" branch="false"/></lines></class></classes></package><package name="Components.Objects.Message.src" line-rate="0.0" branch-rate="0.0" complexity="0.0"><classes><class name="Message_Handler_cpp" filename="Components/Objects/Message/src/Message_Handler.cpp" line-rate="0.0" branch-rate="0.0" complexity="0.0"><methods/><lines><line number="52" hits="0" branch="false"/><line number="59" hits="0" branch="true" condition-coverage="0% (0/4)"><conditions><condition number="0" type="jump" coverage="0%"/></conditions></line><line number="61" hits="0" branch="false"/><line number="63" hits="0" branch="true" condition-coverage="0% (0/4)"><conditions><condition number="0" type="jump" coverage="0%"/></conditions></line><line number="65" hits="0" branch="false"/><line number="68" hits="0" branch="false"/><line number="70" hits="0" branch="true" condition-coverage="0% (0/4)"><conditions><condition number="0" type="jump" coverage="0%"/></conditions></line><line number="71" hits="0" branch="false"/><line number="72" hits="0" branch="false"/><line number="74" hits="0" branch="false"/><line number="75" hits="0" branch="true" condition-coverage="0% (0/4)"><conditions><condition number="0" type="jump" coverage="0%"/></conditions></line><line number="77" hits="0" branch="true" condition-coverage="0% (0/2)"><conditions><condition number="0" type="jump" coverage="0%"/></conditions></line><line number="79" hits="0" branch="true" condition-coverage="0% (0/2)"><conditions><condition number="0" type="jump" coverage="0%"/></conditions></line><line number="80" hits="0" branch="true" condition-coverage="0% (0/2)"><conditions><condition number="0" type="jump" coverage="0%"/></conditions></line><line number="82" hits="0" branch="true" condition-coverage="0% (0/6)"><conditions><condition number="0" type="jump" coverage="0%"/></conditions></line><line number="83" hits="0" branch="true" condition-coverage="0% (0/2)"><conditions><condition number="0" type="jump" coverage="0%"/></conditions></line><line number="86" hits="0" branch="true" condition-coverage="0% (0/8)"><conditions><condition number="0" type="jump" coverage="0%"/></conditions></line><line number="87" hits="0" branch="true" condition-coverage="0% (0/2)"><conditions><condition number="0" type="jump" coverage="0%"/></conditions></line><line number="93" hits="0" branch="false"/><line number="96" hits="0" branch="false"/><line number="98" hits="0" branch="false"/><line number="100" hits="0" branch="true" condition-coverage="0% (0/4)"><conditions><condition number="0" type="jump" coverage="0%"/></conditions></line><line number="102" hits="0" branch="true" condition-coverage="0% (0/2)"><conditions><condition number="0" type="jump" coverage="0%"/></conditions></line><line number="103" hits="0" branch="true" condition-coverage="0% (0/2)"><conditions><condition number="0" type="jump" coverage="0%"/></conditions></line><line number="105" hits="0" branch="true" condition-coverage="0% (0/4)"><conditions><condition number="0" type="jump" coverage="0%"/></conditions></line><line number="107" hits="0" branch="true" condition-coverage="0% (0/2)"><conditions><condition number="0" type="jump" coverage="0%"/></conditions></line><line number="108" hits="0" branch="true" condition-coverage="0% (0/2)"><conditions><condition number="0" type="jump" coverage="0%"/></condi
[...]
dition-coverage="50% (1/2)"><conditions><condition number="0" type="jump" coverage="50%"/></conditions></line><line number="181" hits="136" branch="false"/><line number="188" hits="0" branch="false"/><line number="190" hits="0" branch="false"/><line number="191" hits="0" branch="false"/><line number="192" hits="0" branch="false"/><line number="197" hits="0" branch="false"/><line number="210" hits="0" branch="false"/><line number="218" hits="0" branch="false"/><line number="242" hits="0" branch="false"/><line number="253" hits="56" branch="false"/><line number="280" hits="56" branch="false"/><line number="288" hits="0" branch="false"/><line number="296" hits="0" branch="true" condition-coverage="0% (0/2)"><conditions><condition number="0" type="jump" coverage="0%"/></conditions></line><line number="304" hits="0" branch="false"/><line number="306" hits="0" branch="false"/><line number="307" hits="0" branch="false"/><line number="309" hits="0" branch="false"/><line number="311" hits="0" branch="false"/><line number="317" hits="0" branch="false"/><line number="322" hits="0" branch="false"/><line number="329" hits="0" branch="false"/><line number="331" hits="0" branch="true" condition-coverage="0% (0/2)"><conditions><condition number="0" type="jump" coverage="0%"/></conditions></line><line number="333" hits="0" branch="false"/><line number="345" hits="0" branch="false"/><line number="352" hits="0" branch="false"/><line number="354" hits="0" branch="true" condition-coverage="0% (0/2)"><conditions><condition number="0" type="jump" coverage="0%"/></conditions></line><line number="356" hits="0" branch="false"/><line number="368" hits="0" branch="false"/></lines></class><class name="Task_cpp" filename="Components/RTOS/FreeRTOS/src/Task.cpp" line-rate="0.42857142857142855" branch-rate="0.0" complexity="0.0"><methods/><lines><line number="19" hits="16" branch="false"/><line number="20" hits="16" branch="false"/><line number="26" hits="16" branch="false"/><line number="27" hits="16" branch="false"/><line number="29" hits="16" branch="false"/><line number="31" hits="32" branch="false"/><line number="40" hits="0" branch="false"/><line number="45" hits="0" branch="false"/><line number="53" hits="0" branch="false"/><line number="55" hits="0" branch="false"/><line number="56" hits="0" branch="false"/><line number="57" hits="0" branch="false"/><line number="58" hits="0" branch="false"/><line number="66" hits="0" branch="false"/><line number="77" hits="0" branch="false"/><line number="84" hits="0" branch="false"/><line number="96" hits="0" branch="false"/><line number="104" hits="0" branch="false"/><line number="106" hits="0" branch="false"/><line number="107" hits="0" branch="false"/><line number="115" hits="16" branch="false"/><line number="117" hits="16" branch="false"/><line number="118" hits="16" branch="false"/><line number="126" hits="16" branch="false"/><line number="128" hits="16" branch="false"/><line number="129" hits="16" branch="false"/><line number="138" hits="0" branch="false"/><line number="140" hits="0" branch="false"/></lines></class></classes></package><package name="Components.RTOS.FreeRTOS.test" line-rate="1.0" branch-rate="0.0" complexity="0.0"><classes><class name="test_main_cpp" filename="Components/RTOS/FreeRTOS/test/test_main.cpp" line-rate="1.0" branch-rate="0.0" complexity="0.0"><methods/><lines><line number="6" hits="8" branch="false"/><line number="11" hits="8" branch="false"/><line number="25" hits="8" branch="false"/></lines></class></classes></package><package name="Components.RTOS.FreeRTOS.test.test" line-rate="1.0" branch-rate="0.5" complexity="0.0"><classes><class name="00_TEMPLATE_cpp" filename="Components/RTOS/FreeRTOS/test/test/00_TEMPLATE.cpp" line-rate="1.0" branch-rate="0.5" complexity="0.0"><methods/><lines><line number="17" hits="8" branch="false"/><line number="19" hits="8" branch="false"/><line number="20" hits="8" branch="false"/><line number="22" hits="8" branch="false"/><line number="27" hits="48" branch="true" condition-coverage="50% (1/2)"><conditions><condition number="0" type="jump" coverage="50%"/></conditions></line><line number="29" hits="16" branch="true" condition-coverage="50% (1/2)"><conditions><condition number="0" type="jump" coverage="50%"/></conditions></line><line number="30" hits="16" branch="false"/></lines></class></classes></package><package name="Components.Sensor.RpiCamV2.include" line-rate="1.0" branch-rate="0.0" complexity="0.0"><classes><class name="RPICamV2_hpp" filename="Components/Sensor/RpiCamV2/include/RPICamV2.hpp" line-rate="1.0" branch-rate="0.0" complexity="0.0"><methods/><lines><line number="106" hits="8" branch="false"/><line number="108" hits="8" branch="false"/></lines></class></classes></package><package name="Components.Sensor.RpiCamV2.src" line-rate="0.3333333333333333" branch-rate="0.0" complexity="0.0"><classes><class name="RPICamV2_cpp" filename="Components/Sensor/RpiCamV2/src/RPICamV2.cpp" line-rate="0.3333333333333333" branch-rate="0.0" complexity="0.0"><methods/><lines><line number="36" hits="8" branch="false"/><line number="45" hits="8" branch="false"/><line number="47" hits="16" branch="false"/><line number="59" hits="0" branch="false"/><line number="75" hits="0" branch="false"/><line number="78" hits="0" branch="false"/><line number="84" hits="0" branch="true" condition-coverage="0% (0/2)"><conditions><condition number="0" type="jump" coverage="0%"/></conditions></line><line number="86" hits="0" branch="false"/><line number="95" hits="0" branch="false"/></lines></class></classes></package><package name="Components.Sensor.RpiCamV2.test" line-rate="1.0" branch-rate="0.0" complexity="0.0"><classes><class name="test_main_cpp" filename="Components/Sensor/RpiCamV2/test/test_main.cpp" line-rate="1.0" branch-rate="0.0" complexity="0.0"><methods/><lines><line number="6" hits="8" branch="false"/><line number="11" hits="8" branch="false"/><line number="25" hits="8" branch="false"/></lines></class></classes></package><package name="Components.Sensor.RpiCamV2.test.test" line-rate="1.0" branch-rate="0.5" complexity="0.0"><classes><class name="rpicamv2_test_cpp" filename="Components/Sensor/RpiCamV2/test/test/rpicamv2_test.cpp" line-rate="1.0" branch-rate="0.5" complexity="0.0"><methods/><lines><line number="19" hits="8" branch="false"/><line number="20" hits="8" branch="false"/><line number="23" hits="8" branch="false"/><line number="27" hits="48" branch="true" condition-coverage="50% (1/2)"><conditions><condition number="0" type="jump" coverage="50%"/></conditions></line><line number="29" hits="16" branch="true" condition-coverage="50% (1/2)"><conditions><condition number="0" type="jump" coverage="50%"/></conditions></line><line number="30" hits="16" branch="false"/></lines></class></classes></package><package name="Components.User.DogFeederDoor.src" line-rate="0.0" branch-rate="0.0" complexity="0.0"><classes><class name="DogFeederDoor_cpp" filename="Components/User/DogFeederDoor/src/DogFeederDoor.cpp" line-rate="0.0" branch-rate="0.0" complexity="0.0"><methods/><lines><line number="36" hits="0" branch="false"/><line number="38" hits="0" branch="false"/><line number="40" hits="0" branch="false"/><line number="42" hits="0" branch="false"/><line number="45" hits="0" branch="false"/><line number="47" hits="0" branch="false"/></lines></class></classes></package><package name="Components.User.DogFeederDoor.test" line-rate="1.0" branch-rate="0.0" complexity="0.0"><classes><class name="test_main_cpp" filename="Components/User/DogFeederDoor/test/test_main.cpp" line-rate="1.0" branch-rate="0.0" complexity="0.0"><methods/><lines><line number="6" hits="8" branch="false"/><line number="11" hits="8" branch="false"/><line number="25" hits="8" branch="false"/></lines></class></classes></package><package name="Components.User.DogFeederDoor.test.test" line-rate="1.0" branch-rate="0.5" complexity="0.0"><classes><class name="00_TEMPLATE_cpp" filename="Components/User/DogFeederDoor/test/test/00_TEMPLATE.cpp" line-rate="1.0" branch-rate="0.5" complexity="0.0"><methods/><lines><line number="17" hits="8" branch="false"/><line number="19" hits="8" branch="false"/><line number="20" hits="8" branch="false"/><line number="22" hits="8" branch="false"/><line number="27" hits="48" branch="true" condition-coverage="50% (1/2)"><conditions><condition number="0" type="jump" coverage="50%"/></conditions></line><line number="29" hits="16" branch="true" condition-coverage="50% (1/2)"><conditions><condition number="0" type="jump" coverage="50%"/></conditions></line><line number="30" hits="16" branch="false"/></lines></class></classes></package><package name="Components.Utility.utils.src" line-rate="0.2702702702702703" branch-rate="0.12162162162162163" complexity="0.0"><classes><class name="utils_cpp" filename="Components/Utility/utils/src/utils.cpp" line-rate="0.2702702702702703" branch-rate="0.12162162162162163" complexity="0.0"><methods/><lines><line number="13" hits="0" branch="false"/><line number="15" hits="0" branch="true" condition-coverage="0% (0/2)"><conditions><condition number="0" type="jump" coverage="0%"/></conditions></line><line number="17" hits="0" branch="false"/><line number="19" hits="0" branch="false"/><line number="20" hits="0" branch="false"/><line number="21" hits="0" branch="true" condition-coverage="0% (0/2)"><conditions><condition number="0" type="jump" coverage="0%"/></conditions></line><line number="23" hits="0" branch="true" condition-coverage="0% (0/2)"><conditions><condition number="0" type="jump" coverage="0%"/></conditions></line><line number="24" hits="0" branch="false"/><line number="25" hits="0" branch="false"/><line number="27" hits="0" branch="true" condition-coverage="0% (0/2)"><conditions><condition number="0" type="jump" coverage="0%"/></conditions></line><line number="28" hits="0" branch="true" condition-coverage="0% (0/2)"><conditions><condition number="0" type="jump" coverage="0%"/></conditions></line><line number="32" hits="8" branch="false"/><line number="34" hits="8" branch="false"/><line number="35" hits="8" branch="true" condition-coverage="50% (1/2)"><conditions><condition number="0" type="jump" coverage="50%"/></conditions></line><line number="37" hits="0" branch="false"/><line number="39" hits="8" branch="false"/><line number="40" hits="8" branch="false"/><line number="41" hits="24" branch="true" condition-coverage="100% (2/2)"><conditions><condition number="0" type="jump" coverage="100%"/></conditions></line><line number="43" hits="16" branch="true" condition-coverage="50% (2/4)"><conditions><condition number="0" type="jump" coverage="50%"/></conditions></line><line number="44" hits="16" branch="false"/><line number="45" hits="16" branch="false"/><line number="47" hits="16" branch="true" condition-coverage="100% (2/2)"><conditions><condition number="0" type="jump" coverage="100%"/></conditions></line><line number="48" hits="8" branch="true" condition-coverage="50% (2/4)"><conditions><condition number="0" type="jump" coverage="50%"/></conditions></line><line number="50" hits="8" branch="false"/><line number="52" hits="0" branch="false"/><line number="54" hits="0" branch="true" condition-coverage="0% (0/2)"><conditions><condition number="0" type="jump" coverage="0%"/></conditions></line><line number="57" hits="0" branch="true" condition-coverage="0% (0/2)"><conditions><condition number="0" type="jump" coverage="0%"/></conditions></line><line number="61" hits="0" branch="true" condition-coverage="0% (0/2)"><conditions><condition number="0" type="jump" coverage="0%"/></conditions></line><line number="64" hits="0" branch="false"/><line number="66" hits="0" branch="true" condition-coverage="0% (0/2)"><conditions><condition number="0" type="jump" coverage="0%"/></conditions></line><line number="69" hits="0" branch="true" condition-coverage="0% (0/2)"><conditions><condition number="0" type="jump" coverage="0%"/></conditions></line><line number="73" hits="0" branch="true" condition-coverage="0% (0/2)"><conditions><condition number="0" type="jump" coverage="0%"/></conditions></line><line number="76" hits="0" branch="false"/><line number="78" hits="0" branch="true" condition-coverage="0% (0/2)"><conditions><condition number="0" type="jump" coverage="0%"/></conditions></line><line number="81" hits="0" branch="true" condition-coverage="0% (0/2)"><conditions><condition number="0" type="jump" coverage="0%"/></conditions></line><line number="85" hits="0" branch="true" condition-coverage="0% (0/2)"><conditions><condition number="0" type="jump" coverage="0%"/></conditions></line><line number="88" hits="0" branch="false"/><line number="90" hits="0" branch="true" condition-coverage="0% (0/2)"><conditions><condition number="0" type="jump" coverage="0%"/></conditions></line><line number="93" hits="0" branch="true" condition-coverage="0% (0/6)"><conditions><condition number="0" type="jump" coverage="0%"/></conditions></line><line number="96" hits="0" branch="true" condition-coverage="0% (0/2)"><conditions><condition number="0" type="jump" coverage="0%"/></conditions></line><line number="99" hits="0" branch="false"/><line number="101" hits="0" branch="true" condition-coverage="0% (0/2)"><conditions><condition number="0" type="jump" coverage="0%"/></conditions></line><line number="104" hits="0" branch="true" condition-coverage="0% (0/6)"><conditions><condition number="0" type="jump" coverage="0%"/></conditions></line><line number="107" hits="0" branch="true" condition-coverage="0% (0/2)"><conditions><condition number="0" type="jump" coverage="0%"/></conditions></line><line number="110" hits="0" branch="false"/><line number="112" hits="0" branch="true" condition-coverage="0% (0/2)"><conditions><condition number="0" type="jump" coverage="0%"/></conditions></line><line number="115" hits="0" branch="true" condition-coverage="0% (0/2)"><conditions><condition number="0" type="jump" coverage="0%"/></conditions></line><line number="118" hits="0" branch="true" condition-coverage="0% (0/2)"><conditions><condition number="0" type="jump" coverage="0%"/></conditions></line><line number="127" hits="0" branch="false"/><line number="129" hits="0" branch="false"/><line number="133" hits="0" branch="true" condition-coverage="0% (0/2)"><conditions><condition number="0" type="jump" coverage="0%"/></conditions></line><line number="135" hits="0" branch="true" condition-coverage="0% (0/2)"><conditions><condition number="0" type="jump" coverage="0%"/></conditions></line><line number="137" hits="0" branch="false"/><line number="138" hits="0" branch="false"/><line number="141" hits="0" branch="false"/><line number="144" hits="0" branch="false"/><line number="147" hits="0" branch="false"/><line number="156" hits="0" branch="false"/><line number="158" hits="0" branch="false"/><line number="161" hits="0" branch="false"/><line number="163" hits="0" branch="false"/><line number="166" hits="16" branch="false"/><line number="169" hits="16" branch="false"/><line number="172" hits="8" branch="false"/><line number="180" hits="8" branch="false"/><line number="181" hits="8" branch="false"/><line number="182" hits="8" branch="false"/><line number="183" hits="8" branch="false"/><line number="189" hits="8" branch="false"/><line number="193" hits="0" branch="false"/><line number="195" hits="0" branch="true" condition-coverage="0% (0/2)"><conditions><condition number="0" type="jump" coverage="0%"/></conditions></line><line number="197" hits="0" branch="false"/><line number="198" hits="0" branch="false"/><line number="200" hits="0" branch="false"/></lines></class></classes></package><package name="Components.Utility.utils.test" line-rate="1.0" branch-rate="0.0" complexity="0.0"><classes><class name="test_main_cpp" filename="Components/Utility/utils/test/test_main.cpp" line-rate="1.0" branch-rate="0.0" complexity="0.0"><methods/><lines><line number="6" hits="8" branch="false"/><line number="11" hits="8" branch="false"/><line number="25" hits="8" branch="false"/></lines></class></classes></package><package name="Components.Utility.utils.test.test" line-rate="1.0" branch-rate="0.4230769230769231" complexity="0.0"><classes><class name="utils_test_cpp" filename="Components/Utility/utils/test/test/utils_test.cpp" line-rate="1.0" branch-rate="0.4230769230769231" complexity="0.0"><methods/><lines><line number="13" hits="24" branch="false"/><line number="15" hits="48" branch="false"/><line number="18" hits="24" branch="false"/><line number="20" hits="48" branch="true" condition-coverage="50% (1/2)"><conditions><condition number="0" type="jump" coverage="50%"/></conditions></line><line number="22" hits="16" branch="false"/><line number="24" hits="16" branch="false"/><line number="25" hits="16" branch="false"/><line number="26" hits="16" branch="false"/><line number="27" hits="16" branch="false"/><line number="29" hits="16" branch="false"/><line number="30" hits="16" branch="true" condition-coverage="50% (1/2)"><conditions><condition number="0" type="jump" coverage="50%"/></conditions></line><line number="32" hits="16" branch="false"/><line number="33" hits="16" branch="true" condition-coverage="50% (1/2)"><conditions><condition number="0" type="jump" coverage="50%"/></conditions></line><line number="34" hits="16" branch="true" condition-coverage="16% (3/18)"><conditions><condition number="0" type="jump" coverage="16%"/></conditions></line><line number="36" hits="16" branch="true" condition-coverage="50% (2/4)"><conditions><condition number="0" type="jump" coverage="50%"/></conditions></line><line number="37" hits="16" branch="true" condition-coverage="50% (2/4)"><conditions><condition number="0" type="jump" coverage="50%"/></conditions></line><line number="38" hits="16" branch="true" condition-coverage="50% (2/4)"><conditions><condition number="0" type="jump" coverage="50%"/></conditions></line><line number="39" hits="16" branch="true" condition-coverage="50% (2/4)"><conditions><condition number="0" type="jump" coverage="50%"/></conditions></line><line number="40" hits="16" branch="false"/><line number="42" hits="48" branch="true" condition-coverage="50% (1/2)"><conditions><condition number="0" type="jump" coverage="50%"/></conditions></line><line number="44" hits="16" branch="false"/><line number="46" hits="16" branch="false"/><line number="47" hits="16" branch="false"/><line number="48" hits="16" branch="false"/><line number="49" hits="16" branch="false"/><line number="51" hits="16" branch="false"/><line number="52" hits="16" branch="true" condition-coverage="50% (1/2)"><conditions><condition number="0" type="jump" coverage="50%"/></conditions></line><line number="53" hits="16" branch="true" condition-coverage="50% (2/4)"><conditions><condition number="0" type="jump" coverage="50%"/></conditions></line><line number="54" hits="16" branch="false"/><line number="56" hits="48" branch="true" condition-coverage="50% (1/2)"><conditions><condition number="0" type="jump" coverage="50%"/></conditions></line><line number="58" hits="48" branch="true" condition-coverage="50% (1/2)"><conditions><condition number="0" type="jump" coverage="50%"/></conditions></line><line number="60" hits="64" branch="true" condition-coverage="50% (2/4)"><conditions><condition number="0" type="jump" coverage="50%"/></conditions></line><line number="61" hits="16" branch="true" condition-coverage="50% (2/4)"><conditions><condition number="0" type="jump" coverage="50%"/></conditions></line><line number="63" hits="16" branch="true" condition-coverage="50% (3/6)"><conditions><condition number="0" type="jump" coverage="50%"/></conditions></line><line number="64" hits="16" branch="true" condition-coverage="50% (3/6)"><conditions><condition number="0" type="jump" coverage="50%"/></conditions></line><line number="65" hits="16" branch="true" condition-coverage="50% (3/6)"><conditions><condition number="0" type="jump" coverage="50%"/></conditions></line><line number="66" hits="16" branch="false"/></lines></class></classes></package></packages></coverage>