{"/home/embedded/Projects/WReg/src/OperatorsInterface/Components/Login_API/parts/Logic.js": {"path":"/home/embedded/Projects/WReg/src/OperatorsInterface/Components/Login_API/parts/Logic.js","statementMap":{"0":{"start":{"line":9,"column":2},"end":{"line":9,"column":76}},"1":{"start":{"line":10,"column":2},"end":{"line":10,"column":45}},"2":{"start":{"line":20,"column":2},"end":{"line":24,"column":3}},"3":{"start":{"line":20,"column":15},"end":{"line":20,"column":16}},"4":{"start":{"line":21,"column":4},"end":{"line":23,"column":5}},"5":{"start":{"line":22,"column":6},"end":{"line":22,"column":15}},"6":{"start":{"line":25,"column":2},"end":{"line":25,"column":12}},"7":{"start":{"line":35,"column":2},"end":{"line":39,"column":3}},"8":{"start":{"line":35,"column":15},"end":{"line":35,"column":16}},"9":{"start":{"line":36,"column":4},"end":{"line":38,"column":5}},"10":{"start":{"line":37,"column":6},"end":{"line":37,"column":15}},"11":{"start":{"line":40,"column":2},"end":{"line":40,"column":12}},"12":{"start":{"line":50,"column":2},"end":{"line":50,"column":20}},"13":{"start":{"line":51,"column":16},"end":{"line":51,"column":18}},"14":{"start":{"line":52,"column":2},"end":{"line":54,"column":5}},"15":{"start":{"line":53,"column":4},"end":{"line":53,"column":62}},"16":{"start":{"line":56,"column":2},"end":{"line":56,"column":17}},"17":{"start":{"line":66,"column":16},"end":{"line":66,"column":18}},"18":{"start":{"line":67,"column":2},"end":{"line":69,"column":5}},"19":{"start":{"line":68,"column":4},"end":{"line":68,"column":63}},"20":{"start":{"line":71,"column":2},"end":{"line":71,"column":17}}},"fnMap":{"0":{"name":"toList","decl":{"start":{"line":8,"column":16},"end":{"line":8,"column":22}},"loc":{"start":{"line":8,"column":62},"end":{"line":11,"column":1}},"line":8},"1":{"name":"isObjectInList","decl":{"start":{"line":19,"column":16},"end":{"line":19,"column":30}},"loc":{"start":{"line":19,"column":45},"end":{"line":26,"column":1}},"line":19},"2":{"name":"isOrderInOrderlist","decl":{"start":{"line":34,"column":16},"end":{"line":34,"column":34}},"loc":{"start":{"line":34,"column":53},"end":{"line":41,"column":1}},"line":34},"3":{"name":"getTitleAndID","decl":{"start":{"line":49,"column":16},"end":{"line":49,"column":29}},"loc":{"start":{"line":49,"column":36},"end":{"line":57,"column":1}},"line":49},"4":{"name":"(anonymous_4)","decl":{"start":{"line":52,"column":11},"end":{"line":52,"column":12}},"loc":{"start":{"line":52,"column":24},"end":{"line":54,"column":3}},"line":52},"5":{"name":"getTitleAndSku","decl":{"start":{"line":65,"column":16},"end":{"line":65,"column":30}},"loc":{"start":{"line":65,"column":37},"end":{"line":72,"column":1}},"line":65},"6":{"name":"(anonymous_6)","decl":{"start":{"line":67,"column":11},"end":{"line":67,"column":12}},"loc":{"start":{"line":67,"column":24},"end":{"line":69,"column":3}},"line":67}},"branchMap":{"0":{"loc":{"start":{"line":21,"column":4},"end":{"line":23,"column":5}},"type":"if","locations":[{"start":{"line":21,"column":4},"end":{"line":23,"column":5}},{"start":{},"end":{}}],"line":21},"1":{"loc":{"start":{"line":36,"column":4},"end":{"line":38,"column":5}},"type":"if","locations":[{"start":{"line":36,"column":4},"end":{"line":38,"column":5}},{"start":{},"end":{}}],"line":36}},"s":{"0":1,"1":1,"2":2,"3":2,"4":10,"5":1,"6":1,"7":2,"8":2,"9":0,"10":0,"11":2,"12":1,"13":1,"14":1,"15":3,"16":1,"17":1,"18":1,"19":3,"20":1},"f":{"0":1,"1":2,"2":2,"3":1,"4":3,"5":1,"6":3},"b":{"0":[1,9],"1":[0,0]},"_coverageSchema":"1a1c01bbd47fc00a2c39e90264f33305004495a9","hash":"ff1e8352b358d463530a0899400528c0a6cffedb"}
,"/home/embedded/Projects/WReg/src/Shared/HTTP_API.js": {"path":"/home/embedded/Projects/WReg/src/Shared/HTTP_API.js","statementMap":{"0":{"start":{"line":7,"column":17},"end":{"line":7,"column":38}},"1":{"start":{"line":13,"column":12},"end":{"line":13,"column":20}},"2":{"start":{"line":21,"column":2},"end":{"line":21,"column":57}},"3":{"start":{"line":22,"column":2},"end":{"line":24,"column":45}},"4":{"start":{"line":23,"column":24},"end":{"line":23,"column":39}},"5":{"start":{"line":24,"column":20},"end":{"line":24,"column":43}},"6":{"start":{"line":33,"column":2},"end":{"line":38,"column":4}}},"fnMap":{"0":{"name":"getHTTP","decl":{"start":{"line":20,"column":16},"end":{"line":20,"column":23}},"loc":{"start":{"line":20,"column":53},"end":{"line":25,"column":1}},"line":20},"1":{"name":"(anonymous_1)","decl":{"start":{"line":23,"column":10},"end":{"line":23,"column":11}},"loc":{"start":{"line":23,"column":24},"end":{"line":23,"column":39}},"line":23},"2":{"name":"(anonymous_2)","decl":{"start":{"line":24,"column":10},"end":{"line":24,"column":11}},"loc":{"start":{"line":24,"column":20},"end":{"line":24,"column":43}},"line":24},"3":{"name":"postHTTP","decl":{"start":{"line":32,"column":16},"end":{"line":32,"column":24}},"loc":{"start":{"line":32,"column":46},"end":{"line":39,"column":1}},"line":32}},"branchMap":{},"s":{"0":1,"1":1,"2":1,"3":1,"4":0,"5":0,"6":1},"f":{"0":1,"1":0,"2":0,"3":1},"b":{},"_coverageSchema":"1a1c01bbd47fc00a2c39e90264f33305004495a9","hash":"7d29d6e9a6e13d0438c0e2b5f0982f3f5e61c01c"}
}
