TN:
SF:src/OperatorsInterface/Components/Login_API/parts/Logic.js
FN:8,toList
FN:19,isObjectInList
FN:34,isOrderInOrderlist
FN:49,getTitleAndID
FN:52,(anonymous_4)
FN:65,getTitleAndSku
FN:67,(anonymous_6)
FNF:7
FNH:7
FNDA:1,toList
FNDA:2,isObjectInList
FNDA:2,isOrderInOrderlist
FNDA:1,getTitleAndID
FNDA:3,(anonymous_4)
FNDA:1,getTitleAndSku
FNDA:3,(anonymous_6)
DA:9,1
DA:10,1
DA:20,2
DA:21,10
DA:22,1
DA:25,1
DA:35,2
DA:36,0
DA:37,0
DA:40,2
DA:50,1
DA:51,1
DA:52,1
DA:53,3
DA:56,1
DA:66,1
DA:67,1
DA:68,3
DA:71,1
LF:19
LH:17
BRDA:21,0,0,1
BRDA:21,0,1,9
BRDA:36,1,0,0
BRDA:36,1,1,0
BRF:4
BRH:2
end_of_record
TN:
SF:src/Shared/HTTP_API.js
FN:20,getHTTP
FN:23,(anonymous_1)
FN:24,(anonymous_2)
FN:32,postHTTP
FNF:4
FNH:2
FNDA:1,getHTTP
FNDA:0,(anonymous_1)
FNDA:0,(anonymous_2)
FNDA:1,postHTTP
DA:7,1
DA:13,1
DA:21,1
DA:22,1
DA:23,0
DA:24,0
DA:33,1
LF:7
LH:5
BRF:0
BRH:0
end_of_record
